5.6003 	WARNING 	We strongly recommend you activate the PTB sound engine in PsychoPy prefs as the preferred audio engine. Its timing is vastly superior. Your prefs are currently set to use ['sounddevice', 'PTB', 'pyo', 'pygame'] (in that order).
10.7678 	WARNING 	User requested fullscreen with size [1024  768], but screen is actually [1680, 1050]. Using actual size
13.1767 	WARNING 	Couldn't measure a consistent frame rate!
  - Is your graphics card set to sync to vertical blank?
  - Are you running other processes on your computer?

13.1777 	EXP 	Created window1 = Window(allowGUI=True, allowStencil=False, autoLog=True, backendConf=UNKNOWN, bitsMode=UNKNOWN, blendMode='avg', bpc=(8, 8, 8), color=array([0, 0, 0]), colorSpace='rgb', depthBits=8, fullscr=<method-wrapper '__getattribute__' of attributeSetter object at 0x7fc61075b970>, gamma=None, gammaErrorPolicy='raise', lms=UNKNOWN, monitor=<psychopy.monitors.calibTools.Monitor object at 0x7fc5ddda2a30>, multiSample=False, name='window1', numSamples=2, pos=[420.0, 262.5], screen=0, size=array([3360, 2100]), stencilBits=0, stereo=False, units='height', useFBO=True, useRetina=True, viewOri=0.0, viewPos=None, viewScale=None, waitBlanking=True, winType='pyglet')
13.1784 	EXP 	window1: mouseVisible = True
13.1801 	EXP 	window1: mouseVisible = False
13.1801 	EXP 	window1: Attempting to measure frame rate of screen (0) ...
13.1802 	EXP 	window1: recordFrameIntervals = False
13.3437 	EXP 	window1: recordFrameIntervals = True
13.5798 	WARNING 	t of last frame was 22.47ms (=1/44)
13.6468 	WARNING 	t of last frame was 20.50ms (=1/48)
13.7296 	WARNING 	t of last frame was 25.03ms (=1/39)
14.0631 	WARNING 	t of last frame was 22.34ms (=1/44)
14.1796 	WARNING 	Multiple dropped frames have occurred - I'll stop bothering you about them!
14.9412 	WARNING 	Couldn't measure a consistent frame rate!
  - Is your graphics card set to sync to vertical blank?
  - Are you running other processes on your computer?

18.3468 	EXP 	Created text = TextStim(__class__=<class 'psychopy.visual.text.TextStim'>, alignHoriz=method-wrapper(...), alignText='center', alignVert=method-wrapper(...), anchorHoriz='center', anchorVert='center', antialias=True, autoDraw=False, autoLog=True, bold=False, color=array([1, 1, 1]), colorSpace='rgb', contrast=1.0, depth=0.0, flipHoriz=False, flipVert=False, font='Open Sans', fontFiles=[], height=0.05, italic=False, languageStyle='LTR', name='text', opacity=1.0, ori=0.0, pos=array([0., 0.]), rgb=UNKNOWN, text=str(...), units='height', win=Window(...), wrapWidth=1)
18.3696 	EXP 	Created text_2 = TextStim(__class__=<class 'psychopy.visual.text.TextStim'>, alignHoriz=method-wrapper(...), alignText='center', alignVert=method-wrapper(...), anchorHoriz='center', anchorVert='center', antialias=True, autoDraw=False, autoLog=True, bold=False, color=array([1, 1, 1]), colorSpace='rgb', contrast=1.0, depth=0.0, flipHoriz=False, flipVert=False, font='Open Sans', fontFiles=[], height=0.05, italic=False, languageStyle='LTR', name='text_2', opacity=1.0, ori=0.0, pos=array([0., 0.]), rgb=UNKNOWN, text=str(...), units='height', win=Window(...), wrapWidth=1)
18.3756 	EXP 	Created exit_Text = TextStim(__class__=<class 'psychopy.visual.text.TextStim'>, alignHoriz=method-wrapper(...), alignText='center', alignVert=method-wrapper(...), anchorHoriz='center', anchorVert='center', antialias=True, autoDraw=False, autoLog=True, bold=False, color=array([1, 1, 1]), colorSpace='rgb', contrast=1.0, depth=0.0, flipHoriz=False, flipVert=False, font='Open Sans', fontFiles=[], height=0.05, italic=False, languageStyle='LTR', name='exit_Text', opacity=1.0, ori=0.0, pos=array([0.  , 0.45]), rgb=UNKNOWN, text=str(...), units='height', win=Window(...), wrapWidth=1)
18.4218 	EXP 	Created image1 = ImageStim(__class__=<class 'psychopy.visual.image.ImageStim'>, anchor=('center', 'center'), autoLog=True, color=array([1, 1, 1]), colorSpace='rgb', contrast=1.0, depth=-2.0, flipHoriz=False, flipVert=False, image='images_RO_VC/Landmark1.png', interpolate=True, mask=None, maskParams=None, name='image1', opacity=1.0, ori=0.0, pos=array([-0.5,  0.3]), size=array([0.2, 0.2]), texRes=128.0, units='height', win=Window(...))
18.4642 	EXP 	Created image2 = ImageStim(__class__=<class 'psychopy.visual.image.ImageStim'>, anchor=('center', 'center'), autoLog=True, color=array([1, 1, 1]), colorSpace='rgb', contrast=1.0, depth=-4.0, flipHoriz=False, flipVert=False, image='images_RO_VC/Landmark2.png', interpolate=True, mask=None, maskParams=None, name='image2', opacity=1.0, ori=0.0, pos=array([-0.25,  0.3 ]), size=array([0.2, 0.2]), texRes=128.0, units='height', win=Window(...))
18.4995 	EXP 	Created image3 = ImageStim(__class__=<class 'psychopy.visual.image.ImageStim'>, anchor=('center', 'center'), autoLog=True, color=array([1, 1, 1]), colorSpace='rgb', contrast=1.0, depth=-6.0, flipHoriz=False, flipVert=False, image='images_RO_VC/Landmark3.png', interpolate=True, mask=None, maskParams=None, name='image3', opacity=1.0, ori=0.0, pos=array([0. , 0.3]), size=array([0.2, 0.2]), texRes=128.0, units='height', win=Window(...))
18.5364 	EXP 	Created image4 = ImageStim(__class__=<class 'psychopy.visual.image.ImageStim'>, anchor=('center', 'center'), autoLog=True, color=array([1, 1, 1]), colorSpace='rgb', contrast=1.0, depth=-8.0, flipHoriz=False, flipVert=False, image='images_RO_VC/Landmark4.png', interpolate=True, mask=None, maskParams=None, name='image4', opacity=1.0, ori=0.0, pos=array([0.25, 0.3 ]), size=array([0.2, 0.2]), texRes=128.0, units='height', win=Window(...))
18.5721 	EXP 	Created image5 = ImageStim(__class__=<class 'psychopy.visual.image.ImageStim'>, anchor=('center', 'center'), autoLog=True, color=array([1, 1, 1]), colorSpace='rgb', contrast=1.0, depth=-10.0, flipHoriz=False, flipVert=False, image='images_RO_VC/Landmark5.png', interpolate=True, mask=None, maskParams=None, name='image5', opacity=1.0, ori=0.0, pos=array([0.5, 0.3]), size=array([0.2, 0.2]), texRes=128.0, units='height', win=Window(...))
18.6138 	EXP 	Created image6 = ImageStim(__class__=<class 'psychopy.visual.image.ImageStim'>, anchor=('center', 'center'), autoLog=True, color=array([1, 1, 1]), colorSpace='rgb', contrast=1.0, depth=-12.0, flipHoriz=False, flipVert=False, image='images_RO_VC/Landmark6.png', interpolate=True, mask=None, maskParams=None, name='image6', opacity=1.0, ori=0.0, pos=array([-0.5,  0. ]), size=array([0.2, 0.2]), texRes=128.0, units='height', win=Window(...))
18.6482 	EXP 	Created image7 = ImageStim(__class__=<class 'psychopy.visual.image.ImageStim'>, anchor=('center', 'center'), autoLog=True, color=array([1, 1, 1]), colorSpace='rgb', contrast=1.0, depth=-14.0, flipHoriz=False, flipVert=False, image='images_RO_VC/Landmark7.png', interpolate=True, mask=None, maskParams=None, name='image7', opacity=1.0, ori=0.0, pos=array([-0.25,  0.  ]), size=array([0.2, 0.2]), texRes=128.0, units='height', win=Window(...))
18.6819 	EXP 	Created image8 = ImageStim(__class__=<class 'psychopy.visual.image.ImageStim'>, anchor=('center', 'center'), autoLog=True, color=array([1, 1, 1]), colorSpace='rgb', contrast=1.0, depth=-16.0, flipHoriz=False, flipVert=False, image='images_RO_VC/Landmark8.png', interpolate=True, mask=None, maskParams=None, name='image8', opacity=1.0, ori=0.0, pos=array([0., 0.]), size=array([0.5, 0.5]), texRes=128.0, units='height', win=Window(...))
18.7168 	EXP 	Created image9 = ImageStim(__class__=<class 'psychopy.visual.image.ImageStim'>, anchor=('center', 'center'), autoLog=True, color=array([1, 1, 1]), colorSpace='rgb', contrast=1.0, depth=-18.0, flipHoriz=False, flipVert=False, image='images_RO_VC/Landmark9.png', interpolate=True, mask=None, maskParams=None, name='image9', opacity=1.0, ori=0.0, pos=array([0.25, 0.  ]), size=array([0.2, 0.2]), texRes=128.0, units='height', win=Window(...))
18.7506 	EXP 	Created image10 = ImageStim(__class__=<class 'psychopy.visual.image.ImageStim'>, anchor=('center', 'center'), autoLog=True, color=array([1, 1, 1]), colorSpace='rgb', contrast=1.0, depth=-20.0, flipHoriz=False, flipVert=False, image='images_RO_VC/Landmark10.png', interpolate=True, mask=None, maskParams=None, name='image10', opacity=1.0, ori=0.0, pos=array([0.5, 0. ]), size=array([0.2, 0.2]), texRes=128.0, units='height', win=Window(...))
18.7842 	EXP 	Created image11 = ImageStim(__class__=<class 'psychopy.visual.image.ImageStim'>, anchor=('center', 'center'), autoLog=True, color=array([1, 1, 1]), colorSpace='rgb', contrast=1.0, depth=-22.0, flipHoriz=False, flipVert=False, image='images_RO_VC/Landmark11.png', interpolate=True, mask=None, maskParams=None, name='image11', opacity=1.0, ori=0.0, pos=array([-0.5, -0.3]), size=array([0.2, 0.2]), texRes=128.0, units='height', win=Window(...))
18.7976 	EXP 	Created text_3 = TextStim(__class__=<class 'psychopy.visual.text.TextStim'>, alignHoriz=method-wrapper(...), alignText='center', alignVert=method-wrapper(...), anchorHoriz='center', anchorVert='center', antialias=True, autoDraw=False, autoLog=True, bold=False, color=array([1, 1, 1]), colorSpace='rgb', contrast=1.0, depth=0.0, flipHoriz=False, flipVert=False, font='Open Sans', fontFiles=[], height=0.05, italic=False, languageStyle='LTR', name='text_3', opacity=1.0, ori=0.0, pos=array([0., 0.]), rgb=UNKNOWN, text=str(...), units='height', win=Window(...), wrapWidth=1)
18.8185 	EXP 	textbox1: autoLog = True
18.8185 	EXP 	textbox2: autoLog = True
18.8185 	EXP 	textbox3: autoLog = True
18.8185 	EXP 	textbox4: autoLog = True
18.8185 	EXP 	textbox5: autoLog = True
18.8185 	EXP 	textbox6: autoLog = True
18.8185 	EXP 	textbox7: autoLog = True
18.8185 	EXP 	textbox8: autoLog = True
18.8185 	EXP 	textbox9: autoLog = True
18.8185 	EXP 	textbox10: autoLog = True
18.8185 	EXP 	textbox11: autoLog = True
18.8185 	EXP 	text: autoDraw = True
19.3293 	EXP 	text: autoDraw = False
19.3293 	EXP 	text_2: autoDraw = True
19.9432 	DATA 	Keypress: space
19.9737 	EXP 	text_2: autoDraw = False
19.9737 	EXP 	exit_Text: autoDraw = True
19.9737 	EXP 	image1: autoDraw = True
19.9737 	EXP 	textbox1: autoDraw = True
19.9737 	EXP 	image2: autoDraw = True
19.9737 	EXP 	textbox2: autoDraw = True
19.9737 	EXP 	image3: autoDraw = True
19.9737 	EXP 	textbox3: autoDraw = True
19.9737 	EXP 	image4: autoDraw = True
19.9737 	EXP 	textbox4: autoDraw = True
19.9737 	EXP 	image5: autoDraw = True
19.9737 	EXP 	textbox5: autoDraw = True
19.9737 	EXP 	image6: autoDraw = True
19.9737 	EXP 	textbox6: autoDraw = True
19.9737 	EXP 	image7: autoDraw = True
19.9737 	EXP 	textbox7: autoDraw = True
19.9737 	EXP 	image8: autoDraw = True
19.9737 	EXP 	textbox8: autoDraw = True
19.9737 	EXP 	image9: autoDraw = True
19.9737 	EXP 	textbox9: autoDraw = True
19.9737 	EXP 	image10: autoDraw = True
19.9737 	EXP 	textbox10: autoDraw = True
19.9737 	EXP 	image11: autoDraw = True
19.9737 	EXP 	textbox11: autoDraw = True
33.8854 	DATA 	Keypress: escape
34.9069 	EXP 	window1: mouseVisible = True
