7.4934 	WARNING 	We strongly recommend you activate the PTB sound engine in PsychoPy prefs as the preferred audio engine. Its timing is vastly superior. Your prefs are currently set to use ['sounddevice', 'PTB', 'pyo', 'pygame'] (in that order).
17.3255 	WARNING 	User requested fullscreen with size [1024  768], but screen is actually [1680, 1050]. Using actual size
19.4421 	EXP 	Created window1 = Window(allowGUI=True, allowStencil=False, autoLog=True, backendConf=UNKNOWN, bitsMode=UNKNOWN, blendMode='avg', bpc=(8, 8, 8), color=array([0, 0, 0]), colorSpace='rgb', depthBits=8, fullscr=<method-wrapper '__getattribute__' of attributeSetter object at 0x7fa0ac3a7c40>, gamma=None, gammaErrorPolicy='raise', lms=UNKNOWN, monitor=<psychopy.monitors.calibTools.Monitor object at 0x7fa079a84ca0>, multiSample=False, name='window1', numSamples=2, pos=[420.0, 262.5], screen=0, size=array([3360, 2100]), stencilBits=0, stereo=False, units='height', useFBO=True, useRetina=True, viewOri=0.0, viewPos=None, viewScale=None, waitBlanking=True, winType='pyglet')
19.4423 	EXP 	window1: mouseVisible = True
19.4431 	EXP 	window1: mouseVisible = False
19.4431 	EXP 	window1: Attempting to measure frame rate of screen (0) ...
19.4431 	EXP 	window1: recordFrameIntervals = False
19.5985 	EXP 	window1: recordFrameIntervals = True
19.6693 	WARNING 	t of last frame was 23.32ms (=1/42)
19.8031 	WARNING 	t of last frame was 20.61ms (=1/48)
19.9875 	WARNING 	t of last frame was 20.74ms (=1/48)
20.1526 	WARNING 	t of last frame was 23.48ms (=1/42)
20.6857 	WARNING 	Multiple dropped frames have occurred - I'll stop bothering you about them!
21.1795 	WARNING 	Couldn't measure a consistent frame rate!
  - Is your graphics card set to sync to vertical blank?
  - Are you running other processes on your computer?

25.3784 	EXP 	Created text = TextStim(__class__=<class 'psychopy.visual.text.TextStim'>, alignHoriz=method-wrapper(...), alignText='center', alignVert=method-wrapper(...), anchorHoriz='center', anchorVert='center', antialias=True, autoDraw=False, autoLog=True, bold=False, color=array([1, 1, 1]), colorSpace='rgb', contrast=1.0, depth=0.0, flipHoriz=False, flipVert=False, font='Open Sans', fontFiles=[], height=0.05, italic=False, languageStyle='LTR', name='text', opacity=1.0, ori=0.0, pos=array([0., 0.]), rgb=UNKNOWN, text=str(...), units='height', win=Window(...), wrapWidth=1)
25.4041 	EXP 	Created text_2 = TextStim(__class__=<class 'psychopy.visual.text.TextStim'>, alignHoriz=method-wrapper(...), alignText='center', alignVert=method-wrapper(...), anchorHoriz='center', anchorVert='center', antialias=True, autoDraw=False, autoLog=True, bold=False, color=array([1, 1, 1]), colorSpace='rgb', contrast=1.0, depth=0.0, flipHoriz=False, flipVert=False, font='Open Sans', fontFiles=[], height=0.05, italic=False, languageStyle='LTR', name='text_2', opacity=1.0, ori=0.0, pos=array([0., 0.]), rgb=UNKNOWN, text=str(...), units='height', win=Window(...), wrapWidth=1)
25.4908 	EXP 	Created image1 = ImageStim(__class__=<class 'psychopy.visual.image.ImageStim'>, anchor=('center', 'center'), autoLog=True, color=array([1, 1, 1]), colorSpace='rgb', contrast=1.0, depth=0.0, flipHoriz=False, flipVert=False, image='images_RO_VC/Landmark1.png', interpolate=True, mask=None, maskParams=None, name='image1', opacity=1.0, ori=0.0, pos=array([-0.5,  0.3]), size=array([0.2, 0.2]), texRes=128.0, units='height', win=Window(...))
25.5109 	EXP 	Created text_3 = TextStim(__class__=<class 'psychopy.visual.text.TextStim'>, alignHoriz=method-wrapper(...), alignText='center', alignVert=method-wrapper(...), anchorHoriz='center', anchorVert='center', antialias=True, autoDraw=False, autoLog=True, bold=False, color=array([1, 1, 1]), colorSpace='rgb', contrast=1.0, depth=0.0, flipHoriz=False, flipVert=False, font='Open Sans', fontFiles=[], height=0.05, italic=False, languageStyle='LTR', name='text_3', opacity=1.0, ori=0.0, pos=array([0., 0.]), rgb=UNKNOWN, text=str(...), units='height', win=Window(...), wrapWidth=1)
25.5302 	EXP 	textbox1: autoLog = True
25.5302 	EXP 	text: autoDraw = True
29.5425 	EXP 	text: autoDraw = False
29.5425 	EXP 	text_2: autoDraw = True
32.2087 	DATA 	Keypress: space
32.2229 	EXP 	text_2: autoDraw = False
32.2229 	EXP 	image1: autoDraw = True
32.2229 	EXP 	textbox1: autoDraw = True
35.1150 	DATA 	Keypress: 2
38.2707 	DATA 	Keypress: right
38.6534 	DATA 	Keypress: right
39.4936 	DATA 	Keypress: tab
40.3909 	DATA 	Keypress: return
41.0132 	DATA 	Keypress: return
41.2480 	DATA 	Keypress: return
41.6348 	DATA 	Keypress: backspace
41.8452 	DATA 	Keypress: backspace
42.3409 	DATA 	Keypress: backspace
43.3461 	DATA 	Keypress: backspace
44.8538 	DATA 	Keypress: 4
51.2453 	DATA 	Keypress: escape
52.0811 	EXP 	window1: mouseVisible = True
