4.4573 	WARNING 	We strongly recommend you activate the PTB sound engine in PsychoPy prefs as the preferred audio engine. Its timing is vastly superior. Your prefs are currently set to use ['sounddevice', 'PTB', 'pyo', 'pygame'] (in that order).
9.2975 	WARNING 	User requested fullscreen with size [1024  768], but screen is actually [1680, 1050]. Using actual size
11.6864 	WARNING 	Couldn't measure a consistent frame rate!
  - Is your graphics card set to sync to vertical blank?
  - Are you running other processes on your computer?

11.6871 	EXP 	Created window1 = Window(allowGUI=True, allowStencil=False, autoLog=True, backendConf=UNKNOWN, bitsMode=UNKNOWN, blendMode='avg', bpc=(8, 8, 8), color=array([0, 0, 0]), colorSpace='rgb', depthBits=8, fullscr=<method-wrapper '__getattribute__' of attributeSetter object at 0x7f7d9ade69d0>, gamma=None, gammaErrorPolicy='raise', lms=UNKNOWN, monitor=<psychopy.monitors.calibTools.Monitor object at 0x7f7d68564d30>, multiSample=False, name='window1', numSamples=2, pos=[420.0, 262.5], screen=0, size=array([3360, 2100]), stencilBits=0, stereo=False, units='height', useFBO=True, useRetina=True, viewOri=0.0, viewPos=None, viewScale=None, waitBlanking=True, winType='pyglet')
11.6874 	EXP 	window1: mouseVisible = True
11.6904 	EXP 	window1: mouseVisible = False
11.6909 	EXP 	window1: Attempting to measure frame rate of screen (0) ...
11.6909 	EXP 	window1: recordFrameIntervals = False
11.8558 	EXP 	window1: recordFrameIntervals = True
11.9426 	WARNING 	t of last frame was 23.58ms (=1/42)
12.0925 	WARNING 	t of last frame was 25.27ms (=1/39)
12.2590 	WARNING 	t of last frame was 22.90ms (=1/43)
12.4425 	WARNING 	t of last frame was 25.31ms (=1/39)
12.5603 	WARNING 	Multiple dropped frames have occurred - I'll stop bothering you about them!
13.5215 	WARNING 	Couldn't measure a consistent frame rate!
  - Is your graphics card set to sync to vertical blank?
  - Are you running other processes on your computer?

16.7536 	EXP 	Created text = TextStim(__class__=<class 'psychopy.visual.text.TextStim'>, alignHoriz=method-wrapper(...), alignText='center', alignVert=method-wrapper(...), anchorHoriz='center', anchorVert='center', antialias=True, autoDraw=False, autoLog=True, bold=False, color=array([1, 1, 1]), colorSpace='rgb', contrast=1.0, depth=0.0, flipHoriz=False, flipVert=False, font='Open Sans', fontFiles=[], height=0.05, italic=False, languageStyle='LTR', name='text', opacity=1.0, ori=0.0, pos=array([0., 0.]), rgb=UNKNOWN, text=str(...), units='height', win=Window(...), wrapWidth=1)
16.7762 	EXP 	Created text_2 = TextStim(__class__=<class 'psychopy.visual.text.TextStim'>, alignHoriz=method-wrapper(...), alignText='center', alignVert=method-wrapper(...), anchorHoriz='center', anchorVert='center', antialias=True, autoDraw=False, autoLog=True, bold=False, color=array([1, 1, 1]), colorSpace='rgb', contrast=1.0, depth=0.0, flipHoriz=False, flipVert=False, font='Open Sans', fontFiles=[], height=0.05, italic=False, languageStyle='LTR', name='text_2', opacity=1.0, ori=0.0, pos=array([0., 0.]), rgb=UNKNOWN, text=str(...), units='height', win=Window(...), wrapWidth=1)
16.8383 	EXP 	Created image1 = ImageStim(__class__=<class 'psychopy.visual.image.ImageStim'>, anchor=('center', 'center'), autoLog=True, color=array([1, 1, 1]), colorSpace='rgb', contrast=1.0, depth=0.0, flipHoriz=False, flipVert=False, image='images_RO_VC/Landmark1.png', interpolate=True, mask=None, maskParams=None, name='image1', opacity=1.0, ori=0.0, pos=array([-0.5,  0.3]), size=array([0.2, 0.2]), texRes=128.0, units='height', win=Window(...))
16.8823 	EXP 	Created image2 = ImageStim(__class__=<class 'psychopy.visual.image.ImageStim'>, anchor=('center', 'center'), autoLog=True, color=array([1, 1, 1]), colorSpace='rgb', contrast=1.0, depth=-2.0, flipHoriz=False, flipVert=False, image='images_RO_VC/Landmark2.png', interpolate=True, mask=None, maskParams=None, name='image2', opacity=1.0, ori=0.0, pos=array([-0.25,  0.3 ]), size=array([0.2, 0.2]), texRes=128.0, units='height', win=Window(...))
16.9208 	EXP 	Created image3 = ImageStim(__class__=<class 'psychopy.visual.image.ImageStim'>, anchor=('center', 'center'), autoLog=True, color=array([1, 1, 1]), colorSpace='rgb', contrast=1.0, depth=-4.0, flipHoriz=False, flipVert=False, image='images_RO_VC/Landmark3.png', interpolate=True, mask=None, maskParams=None, name='image3', opacity=1.0, ori=0.0, pos=array([0. , 0.3]), size=array([0.2, 0.2]), texRes=128.0, units='height', win=Window(...))
16.9585 	EXP 	Created image4 = ImageStim(__class__=<class 'psychopy.visual.image.ImageStim'>, anchor=('center', 'center'), autoLog=True, color=array([1, 1, 1]), colorSpace='rgb', contrast=1.0, depth=-6.0, flipHoriz=False, flipVert=False, image='images_RO_VC/Landmark4.png', interpolate=True, mask=None, maskParams=None, name='image4', opacity=1.0, ori=0.0, pos=array([0.25, 0.3 ]), size=array([0.2, 0.2]), texRes=128.0, units='height', win=Window(...))
16.9975 	EXP 	Created image5 = ImageStim(__class__=<class 'psychopy.visual.image.ImageStim'>, anchor=('center', 'center'), autoLog=True, color=array([1, 1, 1]), colorSpace='rgb', contrast=1.0, depth=-8.0, flipHoriz=False, flipVert=False, image='images_RO_VC/Landmark5.png', interpolate=True, mask=None, maskParams=None, name='image5', opacity=1.0, ori=0.0, pos=array([0.5, 0.3]), size=array([0.2, 0.2]), texRes=128.0, units='height', win=Window(...))
17.0359 	EXP 	Created image6 = ImageStim(__class__=<class 'psychopy.visual.image.ImageStim'>, anchor=('center', 'center'), autoLog=True, color=array([1, 1, 1]), colorSpace='rgb', contrast=1.0, depth=-10.0, flipHoriz=False, flipVert=False, image='images_RO_VC/Landmark6.png', interpolate=True, mask=None, maskParams=None, name='image6', opacity=1.0, ori=0.0, pos=array([-0.5,  0. ]), size=array([0.2, 0.2]), texRes=128.0, units='height', win=Window(...))
17.0733 	EXP 	Created image11 = ImageStim(__class__=<class 'psychopy.visual.image.ImageStim'>, anchor=('center', 'center'), autoLog=True, color=array([1, 1, 1]), colorSpace='rgb', contrast=1.0, depth=-12.0, flipHoriz=False, flipVert=False, image='images_RO_VC/Landmark11.png', interpolate=True, mask=None, maskParams=None, name='image11', opacity=1.0, ori=0.0, pos=array([-0.5, -0.3]), size=array([0.2, 0.2]), texRes=128.0, units='height', win=Window(...))
17.0889 	EXP 	Created text_3 = TextStim(__class__=<class 'psychopy.visual.text.TextStim'>, alignHoriz=method-wrapper(...), alignText='center', alignVert=method-wrapper(...), anchorHoriz='center', anchorVert='center', antialias=True, autoDraw=False, autoLog=True, bold=False, color=array([1, 1, 1]), colorSpace='rgb', contrast=1.0, depth=0.0, flipHoriz=False, flipVert=False, font='Open Sans', fontFiles=[], height=0.05, italic=False, languageStyle='LTR', name='text_3', opacity=1.0, ori=0.0, pos=array([0., 0.]), rgb=UNKNOWN, text=str(...), units='height', win=Window(...), wrapWidth=1)
17.1091 	EXP 	textbox1: autoLog = True
17.1091 	EXP 	textbox2: autoLog = True
17.1091 	EXP 	textbox3: autoLog = True
17.1091 	EXP 	textbox4: autoLog = True
17.1091 	EXP 	textbox5: autoLog = True
17.1091 	EXP 	textbox6: autoLog = True
17.1091 	EXP 	textbox11: autoLog = True
17.1091 	EXP 	text: autoDraw = True
17.6092 	EXP 	text: autoDraw = False
17.6092 	EXP 	text_2: autoDraw = True
18.2900 	DATA 	Keypress: space
18.3153 	EXP 	text_2: autoDraw = False
18.3153 	EXP 	image1: autoDraw = True
18.3153 	EXP 	textbox1: autoDraw = True
18.3153 	EXP 	image2: autoDraw = True
18.3153 	EXP 	textbox2: autoDraw = True
18.3153 	EXP 	image3: autoDraw = True
18.3153 	EXP 	textbox3: autoDraw = True
18.3153 	EXP 	image4: autoDraw = True
18.3153 	EXP 	textbox4: autoDraw = True
18.3153 	EXP 	image5: autoDraw = True
18.3153 	EXP 	textbox5: autoDraw = True
18.3153 	EXP 	image6: autoDraw = True
18.3153 	EXP 	textbox6: autoDraw = True
18.3153 	EXP 	image11: autoDraw = True
18.3153 	EXP 	textbox11: autoDraw = True
29.5851 	DATA 	Keypress: 2
30.6050 	DATA 	Keypress: tab
32.0348 	DATA 	Keypress: 4
32.3955 	DATA 	Keypress: tab
32.8403 	DATA 	Keypress: 4
33.7260 	DATA 	Keypress: tab
34.6130 	DATA 	Keypress: 1
34.8605 	DATA 	Keypress: tab
35.1001 	DATA 	Keypress: 1
35.8887 	DATA 	Keypress: tab
36.2149 	DATA 	Keypress: 1
40.0798 	DATA 	Keypress: escape
40.9035 	EXP 	window1: mouseVisible = True
