4.1948 	WARNING 	We strongly recommend you activate the PTB sound engine in PsychoPy prefs as the preferred audio engine. Its timing is vastly superior. Your prefs are currently set to use ['sounddevice', 'PTB', 'pyo', 'pygame'] (in that order).
9.8046 	WARNING 	User requested fullscreen with size [1024  768], but screen is actually [1680, 1050]. Using actual size
12.1124 	WARNING 	Couldn't measure a consistent frame rate!
  - Is your graphics card set to sync to vertical blank?
  - Are you running other processes on your computer?

12.1127 	EXP 	Created window1 = Window(allowGUI=True, allowStencil=False, autoLog=True, backendConf=UNKNOWN, bitsMode=UNKNOWN, blendMode='avg', bpc=(8, 8, 8), color=array([0, 0, 0]), colorSpace='rgb', depthBits=8, fullscr=<method-wrapper '__getattribute__' of attributeSetter object at 0x7f7df5644c40>, gamma=None, gammaErrorPolicy='raise', lms=UNKNOWN, monitor=<psychopy.monitors.calibTools.Monitor object at 0x7f7dc2cdbaf0>, multiSample=False, name='window1', numSamples=2, pos=[420.0, 262.5], screen=0, size=array([3360, 2100]), stencilBits=0, stereo=False, units='height', useFBO=True, useRetina=True, viewOri=0.0, viewPos=None, viewScale=None, waitBlanking=True, winType='pyglet')
12.1129 	EXP 	window1: mouseVisible = True
12.1156 	EXP 	window1: mouseVisible = False
12.1157 	EXP 	window1: Attempting to measure frame rate of screen (0) ...
12.1158 	EXP 	window1: recordFrameIntervals = False
12.2844 	EXP 	window1: recordFrameIntervals = True
12.6509 	WARNING 	t of last frame was 22.63ms (=1/44)
12.9176 	WARNING 	t of last frame was 24.62ms (=1/40)
13.2343 	WARNING 	t of last frame was 25.22ms (=1/39)
13.3698 	WARNING 	t of last frame was 27.04ms (=1/36)
13.4036 	WARNING 	Multiple dropped frames have occurred - I'll stop bothering you about them!
13.8825 	WARNING 	Couldn't measure a consistent frame rate!
  - Is your graphics card set to sync to vertical blank?
  - Are you running other processes on your computer?

17.0469 	EXP 	Created text = TextStim(__class__=<class 'psychopy.visual.text.TextStim'>, alignHoriz=method-wrapper(...), alignText='center', alignVert=method-wrapper(...), anchorHoriz='center', anchorVert='center', antialias=True, autoDraw=False, autoLog=True, bold=False, color=array([1, 1, 1]), colorSpace='rgb', contrast=1.0, depth=0.0, flipHoriz=False, flipVert=False, font='Open Sans', fontFiles=[], height=0.05, italic=False, languageStyle='LTR', name='text', opacity=1.0, ori=0.0, pos=array([0., 0.]), rgb=UNKNOWN, text=str(...), units='height', win=Window(...), wrapWidth=1)
17.0698 	EXP 	Created text_2 = TextStim(__class__=<class 'psychopy.visual.text.TextStim'>, alignHoriz=method-wrapper(...), alignText='center', alignVert=method-wrapper(...), anchorHoriz='center', anchorVert='center', antialias=True, autoDraw=False, autoLog=True, bold=False, color=array([1, 1, 1]), colorSpace='rgb', contrast=1.0, depth=0.0, flipHoriz=False, flipVert=False, font='Open Sans', fontFiles=[], height=0.05, italic=False, languageStyle='LTR', name='text_2', opacity=1.0, ori=0.0, pos=array([0., 0.]), rgb=UNKNOWN, text=str(...), units='height', win=Window(...), wrapWidth=1)
17.1361 	EXP 	Created image1 = ImageStim(__class__=<class 'psychopy.visual.image.ImageStim'>, anchor=('center', 'center'), autoLog=True, color=array([1, 1, 1]), colorSpace='rgb', contrast=1.0, depth=0.0, flipHoriz=False, flipVert=False, image='images_RO_VC/Landmark1.png', interpolate=True, mask=None, maskParams=None, name='image1', opacity=1.0, ori=0.0, pos=array([-0.5,  0.3]), size=array([0.2, 0.2]), texRes=128.0, units='height', win=Window(...))
17.1816 	EXP 	Created image2 = ImageStim(__class__=<class 'psychopy.visual.image.ImageStim'>, anchor=('center', 'center'), autoLog=True, color=array([1, 1, 1]), colorSpace='rgb', contrast=1.0, depth=-2.0, flipHoriz=False, flipVert=False, image='images_RO_VC/Landmark2.png', interpolate=True, mask=None, maskParams=None, name='image2', opacity=1.0, ori=0.0, pos=array([-0.25,  0.3 ]), size=array([0.2, 0.2]), texRes=128.0, units='height', win=Window(...))
17.2254 	EXP 	Created image3 = ImageStim(__class__=<class 'psychopy.visual.image.ImageStim'>, anchor=('center', 'center'), autoLog=True, color=array([1, 1, 1]), colorSpace='rgb', contrast=1.0, depth=-4.0, flipHoriz=False, flipVert=False, image='images_RO_VC/Landmark3.png', interpolate=True, mask=None, maskParams=None, name='image3', opacity=1.0, ori=0.0, pos=array([0. , 0.3]), size=array([0.2, 0.2]), texRes=128.0, units='height', win=Window(...))
17.2612 	EXP 	Created image4 = ImageStim(__class__=<class 'psychopy.visual.image.ImageStim'>, anchor=('center', 'center'), autoLog=True, color=array([1, 1, 1]), colorSpace='rgb', contrast=1.0, depth=-6.0, flipHoriz=False, flipVert=False, image='images_RO_VC/Landmark4.png', interpolate=True, mask=None, maskParams=None, name='image4', opacity=1.0, ori=0.0, pos=array([0.25, 0.3 ]), size=array([0.2, 0.2]), texRes=128.0, units='height', win=Window(...))
17.3007 	EXP 	Created image5 = ImageStim(__class__=<class 'psychopy.visual.image.ImageStim'>, anchor=('center', 'center'), autoLog=True, color=array([1, 1, 1]), colorSpace='rgb', contrast=1.0, depth=-8.0, flipHoriz=False, flipVert=False, image='images_RO_VC/Landmark5.png', interpolate=True, mask=None, maskParams=None, name='image5', opacity=1.0, ori=0.0, pos=array([0.5, 0.3]), size=array([0.2, 0.2]), texRes=128.0, units='height', win=Window(...))
17.3357 	EXP 	Created image6 = ImageStim(__class__=<class 'psychopy.visual.image.ImageStim'>, anchor=('center', 'center'), autoLog=True, color=array([1, 1, 1]), colorSpace='rgb', contrast=1.0, depth=-10.0, flipHoriz=False, flipVert=False, image='images_RO_VC/Landmark6.png', interpolate=True, mask=None, maskParams=None, name='image6', opacity=1.0, ori=0.0, pos=array([-0.5,  0. ]), size=array([0.2, 0.2]), texRes=128.0, units='height', win=Window(...))
17.3498 	EXP 	Created text_3 = TextStim(__class__=<class 'psychopy.visual.text.TextStim'>, alignHoriz=method-wrapper(...), alignText='center', alignVert=method-wrapper(...), anchorHoriz='center', anchorVert='center', antialias=True, autoDraw=False, autoLog=True, bold=False, color=array([1, 1, 1]), colorSpace='rgb', contrast=1.0, depth=0.0, flipHoriz=False, flipVert=False, font='Open Sans', fontFiles=[], height=0.05, italic=False, languageStyle='LTR', name='text_3', opacity=1.0, ori=0.0, pos=array([0., 0.]), rgb=UNKNOWN, text=str(...), units='height', win=Window(...), wrapWidth=1)
17.3708 	EXP 	textbox1: autoLog = True
17.3708 	EXP 	textbox2: autoLog = True
17.3708 	EXP 	textbox3: autoLog = True
17.3708 	EXP 	textbox4: autoLog = True
17.3708 	EXP 	textbox5: autoLog = True
17.3708 	EXP 	textbox6: autoLog = True
17.3708 	EXP 	text: autoDraw = True
19.3844 	EXP 	text: autoDraw = False
19.3844 	EXP 	text_2: autoDraw = True
20.3256 	DATA 	Keypress: space
20.3526 	EXP 	text_2: autoDraw = False
20.3526 	EXP 	image1: autoDraw = True
20.3526 	EXP 	textbox1: autoDraw = True
20.3526 	EXP 	image2: autoDraw = True
20.3526 	EXP 	textbox2: autoDraw = True
20.3526 	EXP 	image3: autoDraw = True
20.3526 	EXP 	textbox3: autoDraw = True
20.3526 	EXP 	image4: autoDraw = True
20.3526 	EXP 	textbox4: autoDraw = True
20.3526 	EXP 	image5: autoDraw = True
20.3526 	EXP 	textbox5: autoDraw = True
20.3526 	EXP 	image6: autoDraw = True
20.3526 	EXP 	textbox6: autoDraw = True
30.3222 	DATA 	Keypress: tab
30.6885 	DATA 	Keypress: tab
30.9358 	DATA 	Keypress: tab
31.3544 	DATA 	Keypress: tab
31.8206 	DATA 	Keypress: tab
33.6961 	DATA 	Keypress: escape
34.7433 	EXP 	window1: mouseVisible = True
