5.9120 	WARNING 	We strongly recommend you activate the PTB sound engine in PsychoPy prefs as the preferred audio engine. Its timing is vastly superior. Your prefs are currently set to use ['sounddevice', 'PTB', 'pyo', 'pygame'] (in that order).
14.6076 	WARNING 	User requested fullscreen with size [1024  768], but screen is actually [1680, 1050]. Using actual size
17.3172 	WARNING 	Couldn't measure a consistent frame rate!
  - Is your graphics card set to sync to vertical blank?
  - Are you running other processes on your computer?

17.3185 	EXP 	Created window1 = Window(allowGUI=True, allowStencil=False, autoLog=True, backendConf=UNKNOWN, bitsMode=UNKNOWN, blendMode='avg', bpc=(8, 8, 8), color=array([0, 0, 0]), colorSpace='rgb', depthBits=8, fullscr=<method-wrapper '__getattribute__' of attributeSetter object at 0x7fa3f5c2dc70>, gamma=None, gammaErrorPolicy='raise', lms=UNKNOWN, monitor=<psychopy.monitors.calibTools.Monitor object at 0x7fa3c2727d00>, multiSample=False, name='window1', numSamples=2, pos=[420.0, 262.5], screen=0, size=array([3360, 2100]), stencilBits=0, stereo=False, units='height', useFBO=True, useRetina=True, viewOri=0.0, viewPos=None, viewScale=None, waitBlanking=True, winType='pyglet')
17.3187 	EXP 	window1: mouseVisible = True
17.3194 	EXP 	window1: mouseVisible = False
17.3194 	EXP 	window1: Attempting to measure frame rate of screen (0) ...
17.3194 	EXP 	window1: recordFrameIntervals = False
17.4868 	EXP 	window1: recordFrameIntervals = True
17.5201 	WARNING 	t of last frame was 21.44ms (=1/46)
17.5528 	WARNING 	t of last frame was 20.47ms (=1/48)
17.6019 	WARNING 	t of last frame was 20.95ms (=1/47)
17.6358 	WARNING 	t of last frame was 21.20ms (=1/47)
17.6698 	WARNING 	Multiple dropped frames have occurred - I'll stop bothering you about them!
19.1633 	WARNING 	Couldn't measure a consistent frame rate!
  - Is your graphics card set to sync to vertical blank?
  - Are you running other processes on your computer?

22.9342 	EXP 	Created text = TextStim(__class__=<class 'psychopy.visual.text.TextStim'>, alignHoriz=method-wrapper(...), alignText='center', alignVert=method-wrapper(...), anchorHoriz='center', anchorVert='center', antialias=True, autoDraw=False, autoLog=True, bold=False, color=array([1, 1, 1]), colorSpace='rgb', contrast=1.0, depth=0.0, flipHoriz=False, flipVert=False, font='Open Sans', fontFiles=[], height=0.05, italic=False, languageStyle='LTR', name='text', opacity=1.0, ori=0.0, pos=array([0., 0.]), rgb=UNKNOWN, text=str(...), units='height', win=Window(...), wrapWidth=1)
22.9562 	EXP 	Created text_2 = TextStim(__class__=<class 'psychopy.visual.text.TextStim'>, alignHoriz=method-wrapper(...), alignText='center', alignVert=method-wrapper(...), anchorHoriz='center', anchorVert='center', antialias=True, autoDraw=False, autoLog=True, bold=False, color=array([1, 1, 1]), colorSpace='rgb', contrast=1.0, depth=0.0, flipHoriz=False, flipVert=False, font='Open Sans', fontFiles=[], height=0.05, italic=False, languageStyle='LTR', name='text_2', opacity=1.0, ori=0.0, pos=array([0., 0.]), rgb=UNKNOWN, text=str(...), units='height', win=Window(...), wrapWidth=1)
22.9617 	EXP 	Created exit_Text = TextStim(__class__=<class 'psychopy.visual.text.TextStim'>, alignHoriz=method-wrapper(...), alignText='center', alignVert=method-wrapper(...), anchorHoriz='center', anchorVert='center', antialias=True, autoDraw=False, autoLog=True, bold=False, color=array([1, 1, 1]), colorSpace='rgb', contrast=1.0, depth=0.0, flipHoriz=False, flipVert=False, font='Open Sans', fontFiles=[], height=0.05, italic=False, languageStyle='LTR', name='exit_Text', opacity=1.0, ori=0.0, pos=array([0.  , 0.45]), rgb=UNKNOWN, text=str(...), units='height', win=Window(...), wrapWidth=1)
23.0639 	EXP 	Created image1 = ImageStim(__class__=<class 'psychopy.visual.image.ImageStim'>, anchor=('center', 'center'), autoLog=True, color=array([1, 1, 1]), colorSpace='rgb', contrast=1.0, depth=-2.0, flipHoriz=False, flipVert=False, image='images_RO_VC/Landmark1.png', interpolate=True, mask=None, maskParams=None, name='image1', opacity=1.0, ori=0.0, pos=array([-0.5,  0.3]), size=array([0.2, 0.2]), texRes=128.0, units='height', win=Window(...))
23.1164 	EXP 	Created image2 = ImageStim(__class__=<class 'psychopy.visual.image.ImageStim'>, anchor=('center', 'center'), autoLog=True, color=array([1, 1, 1]), colorSpace='rgb', contrast=1.0, depth=-4.0, flipHoriz=False, flipVert=False, image='images_RO_VC/Landmark2.png', interpolate=True, mask=None, maskParams=None, name='image2', opacity=1.0, ori=0.0, pos=array([-0.25,  0.3 ]), size=array([0.2, 0.2]), texRes=128.0, units='height', win=Window(...))
23.1534 	EXP 	Created image3 = ImageStim(__class__=<class 'psychopy.visual.image.ImageStim'>, anchor=('center', 'center'), autoLog=True, color=array([1, 1, 1]), colorSpace='rgb', contrast=1.0, depth=-6.0, flipHoriz=False, flipVert=False, image='images_RO_VC/Landmark3.png', interpolate=True, mask=None, maskParams=None, name='image3', opacity=1.0, ori=0.0, pos=array([0. , 0.3]), size=array([0.2, 0.2]), texRes=128.0, units='height', win=Window(...))
23.1929 	EXP 	Created image4 = ImageStim(__class__=<class 'psychopy.visual.image.ImageStim'>, anchor=('center', 'center'), autoLog=True, color=array([1, 1, 1]), colorSpace='rgb', contrast=1.0, depth=-8.0, flipHoriz=False, flipVert=False, image='images_RO_VC/Landmark4.png', interpolate=True, mask=None, maskParams=None, name='image4', opacity=1.0, ori=0.0, pos=array([0.25, 0.3 ]), size=array([0.2, 0.2]), texRes=128.0, units='height', win=Window(...))
23.2324 	EXP 	Created image5 = ImageStim(__class__=<class 'psychopy.visual.image.ImageStim'>, anchor=('center', 'center'), autoLog=True, color=array([1, 1, 1]), colorSpace='rgb', contrast=1.0, depth=-10.0, flipHoriz=False, flipVert=False, image='images_RO_VC/Landmark5.png', interpolate=True, mask=None, maskParams=None, name='image5', opacity=1.0, ori=0.0, pos=array([0.5, 0.3]), size=array([0.2, 0.2]), texRes=128.0, units='height', win=Window(...))
23.2726 	EXP 	Created image6 = ImageStim(__class__=<class 'psychopy.visual.image.ImageStim'>, anchor=('center', 'center'), autoLog=True, color=array([1, 1, 1]), colorSpace='rgb', contrast=1.0, depth=-12.0, flipHoriz=False, flipVert=False, image='images_RO_VC/Landmark6.png', interpolate=True, mask=None, maskParams=None, name='image6', opacity=1.0, ori=0.0, pos=array([-0.5,  0. ]), size=array([0.2, 0.2]), texRes=128.0, units='height', win=Window(...))
23.3110 	EXP 	Created image7 = ImageStim(__class__=<class 'psychopy.visual.image.ImageStim'>, anchor=('center', 'center'), autoLog=True, color=array([1, 1, 1]), colorSpace='rgb', contrast=1.0, depth=-14.0, flipHoriz=False, flipVert=False, image='images_RO_VC/Landmark7.png', interpolate=True, mask=None, maskParams=None, name='image7', opacity=1.0, ori=0.0, pos=array([-0.25,  0.  ]), size=array([0.2, 0.2]), texRes=128.0, units='height', win=Window(...))
23.3494 	EXP 	Created image8 = ImageStim(__class__=<class 'psychopy.visual.image.ImageStim'>, anchor=('center', 'center'), autoLog=True, color=array([1, 1, 1]), colorSpace='rgb', contrast=1.0, depth=-16.0, flipHoriz=False, flipVert=False, image='images_RO_VC/Landmark8.png', interpolate=True, mask=None, maskParams=None, name='image8', opacity=1.0, ori=0.0, pos=array([0., 0.]), size=array([0.2, 0.2]), texRes=128.0, units='height', win=Window(...))
23.3967 	EXP 	Created image9 = ImageStim(__class__=<class 'psychopy.visual.image.ImageStim'>, anchor=('center', 'center'), autoLog=True, color=array([1, 1, 1]), colorSpace='rgb', contrast=1.0, depth=-18.0, flipHoriz=False, flipVert=False, image='images_RO_VC/Landmark9.png', interpolate=True, mask=None, maskParams=None, name='image9', opacity=1.0, ori=0.0, pos=array([0.25, 0.  ]), size=array([0.2, 0.2]), texRes=128.0, units='height', win=Window(...))
23.4358 	EXP 	Created image10 = ImageStim(__class__=<class 'psychopy.visual.image.ImageStim'>, anchor=('center', 'center'), autoLog=True, color=array([1, 1, 1]), colorSpace='rgb', contrast=1.0, depth=-20.0, flipHoriz=False, flipVert=False, image='images_RO_VC/Landmark10.png', interpolate=True, mask=None, maskParams=None, name='image10', opacity=1.0, ori=0.0, pos=array([0.5, 0. ]), size=array([0.2, 0.2]), texRes=128.0, units='height', win=Window(...))
23.4738 	EXP 	Created image11 = ImageStim(__class__=<class 'psychopy.visual.image.ImageStim'>, anchor=('center', 'center'), autoLog=True, color=array([1, 1, 1]), colorSpace='rgb', contrast=1.0, depth=-22.0, flipHoriz=False, flipVert=False, image='images_RO_VC/Landmark11.png', interpolate=True, mask=None, maskParams=None, name='image11', opacity=1.0, ori=0.0, pos=array([-0.5, -0.3]), size=array([0.2, 0.2]), texRes=128.0, units='height', win=Window(...))
23.5158 	EXP 	Created image12 = ImageStim(__class__=<class 'psychopy.visual.image.ImageStim'>, anchor=('center', 'center'), autoLog=True, color=array([1, 1, 1]), colorSpace='rgb', contrast=1.0, depth=-24.0, flipHoriz=False, flipVert=False, image='images_RO_VC/Landmark12.png', interpolate=True, mask=None, maskParams=None, name='image12', opacity=1.0, ori=0.0, pos=array([-0.25, -0.3 ]), size=array([0.2, 0.2]), texRes=128.0, units='height', win=Window(...))
23.5607 	EXP 	Created image13 = ImageStim(__class__=<class 'psychopy.visual.image.ImageStim'>, anchor=('center', 'center'), autoLog=True, color=array([1, 1, 1]), colorSpace='rgb', contrast=1.0, depth=-26.0, flipHoriz=False, flipVert=False, image='images_RO_VC/Landmark13.png', interpolate=True, mask=None, maskParams=None, name='image13', opacity=1.0, ori=0.0, pos=array([ 0. , -0.3]), size=array([0.2, 0.2]), texRes=128.0, units='height', win=Window(...))
23.5983 	EXP 	Created image14 = ImageStim(__class__=<class 'psychopy.visual.image.ImageStim'>, anchor=('center', 'center'), autoLog=True, color=array([1, 1, 1]), colorSpace='rgb', contrast=1.0, depth=-28.0, flipHoriz=False, flipVert=False, image='images_RO_VC/Landmark14.png', interpolate=True, mask=None, maskParams=None, name='image14', opacity=1.0, ori=0.0, pos=array([ 0.25, -0.3 ]), size=array([0.2, 0.2]), texRes=128.0, units='height', win=Window(...))
23.6124 	EXP 	Created text_3 = TextStim(__class__=<class 'psychopy.visual.text.TextStim'>, alignHoriz=method-wrapper(...), alignText='center', alignVert=method-wrapper(...), anchorHoriz='center', anchorVert='center', antialias=True, autoDraw=False, autoLog=True, bold=False, color=array([1, 1, 1]), colorSpace='rgb', contrast=1.0, depth=0.0, flipHoriz=False, flipVert=False, font='Open Sans', fontFiles=[], height=0.05, italic=False, languageStyle='LTR', name='text_3', opacity=1.0, ori=0.0, pos=array([0., 0.]), rgb=UNKNOWN, text=str(...), units='height', win=Window(...), wrapWidth=1)
23.6351 	EXP 	textbox1: autoLog = True
23.6351 	EXP 	textbox2: autoLog = True
23.6351 	EXP 	textbox3: autoLog = True
23.6351 	EXP 	textbox4: autoLog = True
23.6351 	EXP 	textbox5: autoLog = True
23.6351 	EXP 	textbox6: autoLog = True
23.6351 	EXP 	textbox7: autoLog = True
23.6351 	EXP 	textbox8: autoLog = True
23.6351 	EXP 	textbox9: autoLog = True
23.6351 	EXP 	textbox10: autoLog = True
23.6351 	EXP 	textbox11: autoLog = True
23.6351 	EXP 	textbox12: autoLog = True
23.6351 	EXP 	textbox13: autoLog = True
23.6351 	EXP 	textbox14: autoLog = True
23.6351 	EXP 	text: autoDraw = True
24.1390 	EXP 	text: autoDraw = False
24.1390 	EXP 	text_2: autoDraw = True
26.5962 	DATA 	Keypress: space
26.6265 	EXP 	text_2: autoDraw = False
26.6265 	EXP 	exit_Text: autoDraw = True
26.6265 	EXP 	image1: autoDraw = True
26.6265 	EXP 	textbox1: autoDraw = True
26.6265 	EXP 	image2: autoDraw = True
26.6265 	EXP 	textbox2: autoDraw = True
26.6265 	EXP 	image3: autoDraw = True
26.6265 	EXP 	textbox3: autoDraw = True
26.6265 	EXP 	image4: autoDraw = True
26.6265 	EXP 	textbox4: autoDraw = True
26.6265 	EXP 	image5: autoDraw = True
26.6265 	EXP 	textbox5: autoDraw = True
26.6265 	EXP 	image6: autoDraw = True
26.6265 	EXP 	textbox6: autoDraw = True
26.6265 	EXP 	image7: autoDraw = True
26.6265 	EXP 	textbox7: autoDraw = True
26.6265 	EXP 	image8: autoDraw = True
26.6265 	EXP 	textbox8: autoDraw = True
26.6265 	EXP 	image9: autoDraw = True
26.6265 	EXP 	textbox9: autoDraw = True
26.6265 	EXP 	image10: autoDraw = True
26.6265 	EXP 	textbox10: autoDraw = True
26.6265 	EXP 	image11: autoDraw = True
26.6265 	EXP 	textbox11: autoDraw = True
26.6265 	EXP 	image12: autoDraw = True
26.6265 	EXP 	textbox12: autoDraw = True
26.6265 	EXP 	image13: autoDraw = True
26.6265 	EXP 	textbox13: autoDraw = True
26.6265 	EXP 	image14: autoDraw = True
26.6265 	EXP 	textbox14: autoDraw = True
43.2843 	DATA 	Keypress: return
43.3219 	EXP 	exit_Text: autoDraw = False
43.3219 	EXP 	image1: autoDraw = False
43.3219 	EXP 	textbox1: autoDraw = False
43.3219 	EXP 	image2: autoDraw = False
43.3219 	EXP 	textbox2: autoDraw = False
43.3219 	EXP 	image3: autoDraw = False
43.3219 	EXP 	textbox3: autoDraw = False
43.3219 	EXP 	image4: autoDraw = False
43.3219 	EXP 	textbox4: autoDraw = False
43.3219 	EXP 	image5: autoDraw = False
43.3219 	EXP 	textbox5: autoDraw = False
43.3219 	EXP 	image6: autoDraw = False
43.3219 	EXP 	textbox6: autoDraw = False
43.3219 	EXP 	image7: autoDraw = False
43.3219 	EXP 	textbox7: autoDraw = False
43.3219 	EXP 	image8: autoDraw = False
43.3219 	EXP 	textbox8: autoDraw = False
43.3219 	EXP 	image9: autoDraw = False
43.3219 	EXP 	textbox9: autoDraw = False
43.3219 	EXP 	image10: autoDraw = False
43.3219 	EXP 	textbox10: autoDraw = False
43.3219 	EXP 	image11: autoDraw = False
43.3219 	EXP 	textbox11: autoDraw = False
43.3219 	EXP 	image12: autoDraw = False
43.3219 	EXP 	textbox12: autoDraw = False
43.3219 	EXP 	image13: autoDraw = False
43.3219 	EXP 	textbox13: autoDraw = False
43.3219 	EXP 	image14: autoDraw = False
43.3219 	EXP 	textbox14: autoDraw = False
43.3219 	EXP 	text_3: autoDraw = True
47.3332 	EXP 	text_3: autoDraw = False
47.8809 	EXP 	window1: mouseVisible = True
