5.7985 	WARNING 	We strongly recommend you activate the PTB sound engine in PsychoPy prefs as the preferred audio engine. Its timing is vastly superior. Your prefs are currently set to use ['sounddevice', 'PTB', 'pyo', 'pygame'] (in that order).
13.0884 	WARNING 	User requested fullscreen with size [1024  768], but screen is actually [1680, 1050]. Using actual size
15.6204 	WARNING 	Couldn't measure a consistent frame rate!
  - Is your graphics card set to sync to vertical blank?
  - Are you running other processes on your computer?

15.6216 	EXP 	Created window1 = Window(allowGUI=True, allowStencil=False, autoLog=True, backendConf=UNKNOWN, bitsMode=UNKNOWN, blendMode='avg', bpc=(8, 8, 8), color=array([0, 0, 0]), colorSpace='rgb', depthBits=8, fullscr=<method-wrapper '__getattribute__' of attributeSetter object at 0x7fd1bc93cc10>, gamma=None, gammaErrorPolicy='raise', lms=UNKNOWN, monitor=<psychopy.monitors.calibTools.Monitor object at 0x7fd18e665cd0>, multiSample=False, name='window1', numSamples=2, pos=[420.0, 262.5], screen=0, size=array([3360, 2100]), stencilBits=0, stereo=False, units='height', useFBO=True, useRetina=True, viewOri=0.0, viewPos=None, viewScale=None, waitBlanking=True, winType='pyglet')
15.6219 	EXP 	window1: mouseVisible = True
15.6227 	EXP 	window1: mouseVisible = False
15.6227 	EXP 	window1: Attempting to measure frame rate of screen (0) ...
15.6228 	EXP 	window1: recordFrameIntervals = False
15.7863 	EXP 	window1: recordFrameIntervals = True
15.9196 	WARNING 	t of last frame was 21.48ms (=1/46)
16.4334 	WARNING 	t of last frame was 20.07ms (=1/49)
16.5047 	WARNING 	t of last frame was 21.12ms (=1/47)
16.5380 	WARNING 	t of last frame was 20.95ms (=1/47)
16.5716 	WARNING 	Multiple dropped frames have occurred - I'll stop bothering you about them!
17.4554 	WARNING 	Couldn't measure a consistent frame rate!
  - Is your graphics card set to sync to vertical blank?
  - Are you running other processes on your computer?

21.4251 	EXP 	Created text = TextStim(__class__=<class 'psychopy.visual.text.TextStim'>, alignHoriz=method-wrapper(...), alignText='center', alignVert=method-wrapper(...), anchorHoriz='center', anchorVert='center', antialias=True, autoDraw=False, autoLog=True, bold=False, color=array([1, 1, 1]), colorSpace='rgb', contrast=1.0, depth=0.0, flipHoriz=False, flipVert=False, font='Open Sans', fontFiles=[], height=0.05, italic=False, languageStyle='LTR', name='text', opacity=1.0, ori=0.0, pos=array([0., 0.]), rgb=UNKNOWN, text=str(...), units='height', win=Window(...), wrapWidth=1)
21.4492 	EXP 	Created text_2 = TextStim(__class__=<class 'psychopy.visual.text.TextStim'>, alignHoriz=method-wrapper(...), alignText='center', alignVert=method-wrapper(...), anchorHoriz='center', anchorVert='center', antialias=True, autoDraw=False, autoLog=True, bold=False, color=array([1, 1, 1]), colorSpace='rgb', contrast=1.0, depth=0.0, flipHoriz=False, flipVert=False, font='Open Sans', fontFiles=[], height=0.05, italic=False, languageStyle='LTR', name='text_2', opacity=1.0, ori=0.0, pos=array([0., 0.]), rgb=UNKNOWN, text=str(...), units='height', win=Window(...), wrapWidth=1)
21.4567 	EXP 	Created exit_Text = TextStim(__class__=<class 'psychopy.visual.text.TextStim'>, alignHoriz=method-wrapper(...), alignText='center', alignVert=method-wrapper(...), anchorHoriz='center', anchorVert='center', antialias=True, autoDraw=False, autoLog=True, bold=False, color=array([1, 1, 1]), colorSpace='rgb', contrast=1.0, depth=0.0, flipHoriz=False, flipVert=False, font='Open Sans', fontFiles=[], height=0.05, italic=False, languageStyle='LTR', name='exit_Text', opacity=1.0, ori=0.0, pos=array([0.  , 0.45]), rgb=UNKNOWN, text=str(...), units='height', win=Window(...), wrapWidth=1)
21.5133 	EXP 	Created image1 = ImageStim(__class__=<class 'psychopy.visual.image.ImageStim'>, anchor=('center', 'center'), autoLog=True, color=array([1, 1, 1]), colorSpace='rgb', contrast=1.0, depth=-2.0, flipHoriz=False, flipVert=False, image='images_RO_VC/Landmark1.png', interpolate=True, mask=None, maskParams=None, name='image1', opacity=1.0, ori=0.0, pos=array([-0.5,  0.3]), size=array([0.2, 0.2]), texRes=128.0, units='height', win=Window(...))
21.5536 	EXP 	Created image2 = ImageStim(__class__=<class 'psychopy.visual.image.ImageStim'>, anchor=('center', 'center'), autoLog=True, color=array([1, 1, 1]), colorSpace='rgb', contrast=1.0, depth=-4.0, flipHoriz=False, flipVert=False, image='images_RO_VC/Landmark2.png', interpolate=True, mask=None, maskParams=None, name='image2', opacity=1.0, ori=0.0, pos=array([-0.25,  0.3 ]), size=array([0.2, 0.2]), texRes=128.0, units='height', win=Window(...))
21.5904 	EXP 	Created image3 = ImageStim(__class__=<class 'psychopy.visual.image.ImageStim'>, anchor=('center', 'center'), autoLog=True, color=array([1, 1, 1]), colorSpace='rgb', contrast=1.0, depth=-6.0, flipHoriz=False, flipVert=False, image='images_RO_VC/Landmark3.png', interpolate=True, mask=None, maskParams=None, name='image3', opacity=1.0, ori=0.0, pos=array([0. , 0.3]), size=array([0.2, 0.2]), texRes=128.0, units='height', win=Window(...))
21.6254 	EXP 	Created image4 = ImageStim(__class__=<class 'psychopy.visual.image.ImageStim'>, anchor=('center', 'center'), autoLog=True, color=array([1, 1, 1]), colorSpace='rgb', contrast=1.0, depth=-8.0, flipHoriz=False, flipVert=False, image='images_RO_VC/Landmark4.png', interpolate=True, mask=None, maskParams=None, name='image4', opacity=1.0, ori=0.0, pos=array([0.25, 0.3 ]), size=array([0.2, 0.2]), texRes=128.0, units='height', win=Window(...))
21.6616 	EXP 	Created image5 = ImageStim(__class__=<class 'psychopy.visual.image.ImageStim'>, anchor=('center', 'center'), autoLog=True, color=array([1, 1, 1]), colorSpace='rgb', contrast=1.0, depth=-10.0, flipHoriz=False, flipVert=False, image='images_RO_VC/Landmark5.png', interpolate=True, mask=None, maskParams=None, name='image5', opacity=1.0, ori=0.0, pos=array([0.5, 0.3]), size=array([0.2, 0.2]), texRes=128.0, units='height', win=Window(...))
21.6973 	EXP 	Created image6 = ImageStim(__class__=<class 'psychopy.visual.image.ImageStim'>, anchor=('center', 'center'), autoLog=True, color=array([1, 1, 1]), colorSpace='rgb', contrast=1.0, depth=-12.0, flipHoriz=False, flipVert=False, image='images_RO_VC/Landmark6.png', interpolate=True, mask=None, maskParams=None, name='image6', opacity=1.0, ori=0.0, pos=array([-0.5,  0. ]), size=array([0.2, 0.2]), texRes=128.0, units='height', win=Window(...))
21.7329 	EXP 	Created image7 = ImageStim(__class__=<class 'psychopy.visual.image.ImageStim'>, anchor=('center', 'center'), autoLog=True, color=array([1, 1, 1]), colorSpace='rgb', contrast=1.0, depth=-14.0, flipHoriz=False, flipVert=False, image='images_RO_VC/Landmark7.png', interpolate=True, mask=None, maskParams=None, name='image7', opacity=1.0, ori=0.0, pos=array([-0.25,  0.  ]), size=array([0.2, 0.2]), texRes=128.0, units='height', win=Window(...))
21.7683 	EXP 	Created image8 = ImageStim(__class__=<class 'psychopy.visual.image.ImageStim'>, anchor=('center', 'center'), autoLog=True, color=array([1, 1, 1]), colorSpace='rgb', contrast=1.0, depth=-16.0, flipHoriz=False, flipVert=False, image='images_RO_VC/Landmark8.png', interpolate=True, mask=None, maskParams=None, name='image8', opacity=1.0, ori=0.0, pos=array([0., 0.]), size=array([0.2, 0.2]), texRes=128.0, units='height', win=Window(...))
21.8063 	EXP 	Created image9 = ImageStim(__class__=<class 'psychopy.visual.image.ImageStim'>, anchor=('center', 'center'), autoLog=True, color=array([1, 1, 1]), colorSpace='rgb', contrast=1.0, depth=-18.0, flipHoriz=False, flipVert=False, image='images_RO_VC/Landmark9.png', interpolate=True, mask=None, maskParams=None, name='image9', opacity=1.0, ori=0.0, pos=array([0.25, 0.  ]), size=array([0.2, 0.2]), texRes=128.0, units='height', win=Window(...))
21.8415 	EXP 	Created image10 = ImageStim(__class__=<class 'psychopy.visual.image.ImageStim'>, anchor=('center', 'center'), autoLog=True, color=array([1, 1, 1]), colorSpace='rgb', contrast=1.0, depth=-20.0, flipHoriz=False, flipVert=False, image='images_RO_VC/Landmark10.png', interpolate=True, mask=None, maskParams=None, name='image10', opacity=1.0, ori=0.0, pos=array([0.5, 0. ]), size=array([0.2, 0.2]), texRes=128.0, units='height', win=Window(...))
21.8765 	EXP 	Created image11 = ImageStim(__class__=<class 'psychopy.visual.image.ImageStim'>, anchor=('center', 'center'), autoLog=True, color=array([1, 1, 1]), colorSpace='rgb', contrast=1.0, depth=-22.0, flipHoriz=False, flipVert=False, image='images_RO_VC/Landmark11.png', interpolate=True, mask=None, maskParams=None, name='image11', opacity=1.0, ori=0.0, pos=array([-0.5, -0.3]), size=array([0.2, 0.2]), texRes=128.0, units='height', win=Window(...))
21.9128 	EXP 	Created image12 = ImageStim(__class__=<class 'psychopy.visual.image.ImageStim'>, anchor=('center', 'center'), autoLog=True, color=array([1, 1, 1]), colorSpace='rgb', contrast=1.0, depth=-24.0, flipHoriz=False, flipVert=False, image='images_RO_VC/Landmark12.png', interpolate=True, mask=None, maskParams=None, name='image12', opacity=1.0, ori=0.0, pos=array([-0.25, -0.3 ]), size=array([0.2, 0.2]), texRes=128.0, units='height', win=Window(...))
21.9497 	EXP 	Created image13 = ImageStim(__class__=<class 'psychopy.visual.image.ImageStim'>, anchor=('center', 'center'), autoLog=True, color=array([1, 1, 1]), colorSpace='rgb', contrast=1.0, depth=-26.0, flipHoriz=False, flipVert=False, image='images_RO_VC/Landmark13.png', interpolate=True, mask=None, maskParams=None, name='image13', opacity=1.0, ori=0.0, pos=array([ 0. , -0.3]), size=array([0.2, 0.2]), texRes=128.0, units='height', win=Window(...))
21.9893 	EXP 	Created image14 = ImageStim(__class__=<class 'psychopy.visual.image.ImageStim'>, anchor=('center', 'center'), autoLog=True, color=array([1, 1, 1]), colorSpace='rgb', contrast=1.0, depth=-28.0, flipHoriz=False, flipVert=False, image='images_RO_VC/Landmark14.png', interpolate=True, mask=None, maskParams=None, name='image14', opacity=1.0, ori=0.0, pos=array([ 0.25, -0.3 ]), size=array([0.2, 0.2]), texRes=128.0, units='height', win=Window(...))
22.0249 	EXP 	Created image15 = ImageStim(__class__=<class 'psychopy.visual.image.ImageStim'>, anchor=('center', 'center'), autoLog=True, color=array([1, 1, 1]), colorSpace='rgb', contrast=1.0, depth=-30.0, flipHoriz=False, flipVert=False, image='images_RO_VC/Landmark15.png', interpolate=True, mask=None, maskParams=None, name='image15', opacity=1.0, ori=0.0, pos=array([ 0.5, -0.3]), size=array([0.2, 0.2]), texRes=128.0, units='height', win=Window(...))
22.0398 	EXP 	Created text_3 = TextStim(__class__=<class 'psychopy.visual.text.TextStim'>, alignHoriz=method-wrapper(...), alignText='center', alignVert=method-wrapper(...), anchorHoriz='center', anchorVert='center', antialias=True, autoDraw=False, autoLog=True, bold=False, color=array([1, 1, 1]), colorSpace='rgb', contrast=1.0, depth=0.0, flipHoriz=False, flipVert=False, font='Open Sans', fontFiles=[], height=0.05, italic=False, languageStyle='LTR', name='text_3', opacity=1.0, ori=0.0, pos=array([0., 0.]), rgb=UNKNOWN, text=str(...), units='height', win=Window(...), wrapWidth=1)
22.0615 	EXP 	textbox1: autoLog = True
22.0615 	EXP 	textbox2: autoLog = True
22.0615 	EXP 	textbox3: autoLog = True
22.0615 	EXP 	textbox4: autoLog = True
22.0615 	EXP 	textbox5: autoLog = True
22.0615 	EXP 	textbox6: autoLog = True
22.0615 	EXP 	textbox7: autoLog = True
22.0615 	EXP 	textbox8: autoLog = True
22.0615 	EXP 	textbox9: autoLog = True
22.0615 	EXP 	textbox10: autoLog = True
22.0615 	EXP 	textbox11: autoLog = True
22.0615 	EXP 	textbox12: autoLog = True
22.0615 	EXP 	textbox13: autoLog = True
22.0615 	EXP 	textbox14: autoLog = True
22.0615 	EXP 	textbox15: autoLog = True
22.0615 	EXP 	text: autoDraw = True
22.5742 	EXP 	text: autoDraw = False
22.5742 	EXP 	text_2: autoDraw = True
23.9876 	DATA 	Keypress: space
24.0253 	EXP 	text_2: autoDraw = False
24.0253 	EXP 	exit_Text: autoDraw = True
24.0253 	EXP 	image1: autoDraw = True
24.0253 	EXP 	textbox1: autoDraw = True
24.0253 	EXP 	image2: autoDraw = True
24.0253 	EXP 	textbox2: autoDraw = True
24.0253 	EXP 	image3: autoDraw = True
24.0253 	EXP 	textbox3: autoDraw = True
24.0253 	EXP 	image4: autoDraw = True
24.0253 	EXP 	textbox4: autoDraw = True
24.0253 	EXP 	image5: autoDraw = True
24.0253 	EXP 	textbox5: autoDraw = True
24.0253 	EXP 	image6: autoDraw = True
24.0253 	EXP 	textbox6: autoDraw = True
24.0253 	EXP 	image7: autoDraw = True
24.0253 	EXP 	textbox7: autoDraw = True
24.0253 	EXP 	image8: autoDraw = True
24.0253 	EXP 	textbox8: autoDraw = True
24.0253 	EXP 	image9: autoDraw = True
24.0253 	EXP 	textbox9: autoDraw = True
24.0253 	EXP 	image10: autoDraw = True
24.0253 	EXP 	textbox10: autoDraw = True
24.0253 	EXP 	image11: autoDraw = True
24.0253 	EXP 	textbox11: autoDraw = True
24.0253 	EXP 	image12: autoDraw = True
24.0253 	EXP 	textbox12: autoDraw = True
24.0253 	EXP 	image13: autoDraw = True
24.0253 	EXP 	textbox13: autoDraw = True
24.0253 	EXP 	image14: autoDraw = True
24.0253 	EXP 	textbox14: autoDraw = True
24.0253 	EXP 	image15: autoDraw = True
24.0253 	EXP 	textbox15: autoDraw = True
25.6778 	DATA 	Keypress: 1
26.0733 	DATA 	Keypress: tab
27.1590 	DATA 	Keypress: 2
28.3653 	DATA 	Keypress: tab
29.4145 	DATA 	Keypress: 1
30.4874 	DATA 	Keypress: tab
31.7526 	DATA 	Keypress: lshift
31.9566 	DATA 	Keypress: tab
35.7166 	DATA 	Keypress: lshift
36.6619 	DATA 	Keypress: tab
41.2289 	DATA 	Keypress: tab
41.5086 	DATA 	Keypress: tab
41.7445 	DATA 	Keypress: tab
41.9142 	DATA 	Keypress: tab
42.2529 	DATA 	Keypress: tab
42.7009 	DATA 	Keypress: tab
42.9093 	DATA 	Keypress: tab
43.1514 	DATA 	Keypress: tab
43.6091 	DATA 	Keypress: tab
44.3004 	DATA 	Keypress: tab
44.6906 	DATA 	Keypress: tab
45.3739 	DATA 	Keypress: tab
45.8225 	DATA 	Keypress: tab
48.0222 	DATA 	Keypress: 4
48.6809 	DATA 	Keypress: tab
49.4790 	DATA 	Keypress: 1
50.0772 	DATA 	Keypress: 2
50.9089 	DATA 	Keypress: backslash
51.2485 	DATA 	Keypress: backspace
51.4878 	DATA 	Keypress: backspace
52.6223 	DATA 	Keypress: tab
55.0289 	DATA 	Keypress: 1
55.4321 	DATA 	Keypress: 0
57.9679 	DATA 	Keypress: backspace
58.2510 	DATA 	Keypress: backspace
58.4565 	DATA 	Keypress: backspace
61.2004 	DATA 	Keypress: return
61.2374 	EXP 	exit_Text: autoDraw = False
61.2374 	EXP 	image1: autoDraw = False
61.2374 	EXP 	textbox1: autoDraw = False
61.2374 	EXP 	image2: autoDraw = False
61.2374 	EXP 	textbox2: autoDraw = False
61.2374 	EXP 	image3: autoDraw = False
61.2374 	EXP 	textbox3: autoDraw = False
61.2374 	EXP 	image4: autoDraw = False
61.2374 	EXP 	textbox4: autoDraw = False
61.2374 	EXP 	image5: autoDraw = False
61.2374 	EXP 	textbox5: autoDraw = False
61.2374 	EXP 	image6: autoDraw = False
61.2374 	EXP 	textbox6: autoDraw = False
61.2374 	EXP 	image7: autoDraw = False
61.2374 	EXP 	textbox7: autoDraw = False
61.2374 	EXP 	image8: autoDraw = False
61.2374 	EXP 	textbox8: autoDraw = False
61.2374 	EXP 	image9: autoDraw = False
61.2374 	EXP 	textbox9: autoDraw = False
61.2374 	EXP 	image10: autoDraw = False
61.2374 	EXP 	textbox10: autoDraw = False
61.2374 	EXP 	image11: autoDraw = False
61.2374 	EXP 	textbox11: autoDraw = False
61.2374 	EXP 	image12: autoDraw = False
61.2374 	EXP 	textbox12: autoDraw = False
61.2374 	EXP 	image13: autoDraw = False
61.2374 	EXP 	textbox13: autoDraw = False
61.2374 	EXP 	image14: autoDraw = False
61.2374 	EXP 	textbox14: autoDraw = False
61.2374 	EXP 	image15: autoDraw = False
61.2374 	EXP 	textbox15: autoDraw = False
61.2374 	EXP 	text_3: autoDraw = True
65.2524 	EXP 	text_3: autoDraw = False
65.7981 	EXP 	window1: mouseVisible = True
