4.8566 	WARNING 	We strongly recommend you activate the PTB sound engine in PsychoPy prefs as the preferred audio engine. Its timing is vastly superior. Your prefs are currently set to use ['sounddevice', 'PTB', 'pyo', 'pygame'] (in that order).
13.1043 	WARNING 	User requested fullscreen with size [1024  768], but screen is actually [1680, 1050]. Using actual size
14.4035 	EXP 	Created window1 = Window(allowGUI=True, allowStencil=False, autoLog=True, backendConf=UNKNOWN, bitsMode=UNKNOWN, blendMode='avg', bpc=(8, 8, 8), color=array([0, 0, 0]), colorSpace='rgb', depthBits=8, fullscr=<method-wrapper '__getattribute__' of attributeSetter object at 0x7f9236f95a00>, gamma=None, gammaErrorPolicy='raise', lms=UNKNOWN, monitor=<psychopy.monitors.calibTools.Monitor object at 0x7f92045edac0>, multiSample=False, name='window1', numSamples=2, pos=[420.0, 262.5], screen=0, size=array([3360, 2100]), stencilBits=0, stereo=False, units='height', useFBO=True, useRetina=True, viewOri=0.0, viewPos=None, viewScale=None, waitBlanking=True, winType='pyglet')
14.4039 	EXP 	window1: mouseVisible = True
14.4063 	EXP 	window1: mouseVisible = False
14.4064 	EXP 	window1: Attempting to measure frame rate of screen (0) ...
14.4064 	EXP 	window1: recordFrameIntervals = False
14.5657 	EXP 	window1: recordFrameIntervals = True
14.8079 	WARNING 	t of last frame was 25.64ms (=1/39)
14.9412 	WARNING 	t of last frame was 25.74ms (=1/38)
15.2578 	WARNING 	t of last frame was 25.36ms (=1/39)
15.4080 	WARNING 	t of last frame was 24.03ms (=1/41)
15.5411 	WARNING 	Multiple dropped frames have occurred - I'll stop bothering you about them!
16.2208 	WARNING 	Couldn't measure a consistent frame rate!
  - Is your graphics card set to sync to vertical blank?
  - Are you running other processes on your computer?

19.1301 	EXP 	Created text = TextStim(__class__=<class 'psychopy.visual.text.TextStim'>, alignHoriz=method-wrapper(...), alignText='center', alignVert=method-wrapper(...), anchorHoriz='center', anchorVert='center', antialias=True, autoDraw=False, autoLog=True, bold=False, color=array([1, 1, 1]), colorSpace='rgb', contrast=1.0, depth=0.0, flipHoriz=False, flipVert=False, font='Open Sans', fontFiles=[], height=0.05, italic=False, languageStyle='LTR', name='text', opacity=1.0, ori=0.0, pos=array([0., 0.]), rgb=UNKNOWN, text=str(...), units='height', win=Window(...), wrapWidth=1)
19.1505 	EXP 	Created text_2 = TextStim(__class__=<class 'psychopy.visual.text.TextStim'>, alignHoriz=method-wrapper(...), alignText='center', alignVert=method-wrapper(...), anchorHoriz='center', anchorVert='center', antialias=True, autoDraw=False, autoLog=True, bold=False, color=array([1, 1, 1]), colorSpace='rgb', contrast=1.0, depth=0.0, flipHoriz=False, flipVert=False, font='Open Sans', fontFiles=[], height=0.05, italic=False, languageStyle='LTR', name='text_2', opacity=1.0, ori=0.0, pos=array([0., 0.]), rgb=UNKNOWN, text=str(...), units='height', win=Window(...), wrapWidth=1)
19.2049 	EXP 	Created image1 = ImageStim(__class__=<class 'psychopy.visual.image.ImageStim'>, anchor=('center', 'center'), autoLog=True, color=array([1, 1, 1]), colorSpace='rgb', contrast=1.0, depth=0.0, flipHoriz=False, flipVert=False, image='images_RO_VC/Landmark1.png', interpolate=True, mask=None, maskParams=None, name='image1', opacity=1.0, ori=0.0, pos=array([-0.5,  0.3]), size=array([0.2, 0.2]), texRes=128.0, units='height', win=Window(...))
19.2456 	EXP 	Created image2 = ImageStim(__class__=<class 'psychopy.visual.image.ImageStim'>, anchor=('center', 'center'), autoLog=True, color=array([1, 1, 1]), colorSpace='rgb', contrast=1.0, depth=-2.0, flipHoriz=False, flipVert=False, image='images_RO_VC/Landmark2.png', interpolate=True, mask=None, maskParams=None, name='image2', opacity=1.0, ori=0.0, pos=array([-0.25,  0.3 ]), size=array([0.2, 0.2]), texRes=128.0, units='height', win=Window(...))
19.2809 	EXP 	Created image3 = ImageStim(__class__=<class 'psychopy.visual.image.ImageStim'>, anchor=('center', 'center'), autoLog=True, color=array([1, 1, 1]), colorSpace='rgb', contrast=1.0, depth=-4.0, flipHoriz=False, flipVert=False, image='images_RO_VC/Landmark3.png', interpolate=True, mask=None, maskParams=None, name='image3', opacity=1.0, ori=0.0, pos=array([0. , 0.3]), size=array([0.2, 0.2]), texRes=128.0, units='height', win=Window(...))
19.3164 	EXP 	Created image4 = ImageStim(__class__=<class 'psychopy.visual.image.ImageStim'>, anchor=('center', 'center'), autoLog=True, color=array([1, 1, 1]), colorSpace='rgb', contrast=1.0, depth=-6.0, flipHoriz=False, flipVert=False, image='images_RO_VC/Landmark4.png', interpolate=True, mask=None, maskParams=None, name='image4', opacity=1.0, ori=0.0, pos=array([0.25, 0.3 ]), size=array([0.2, 0.2]), texRes=128.0, units='height', win=Window(...))
19.3520 	EXP 	Created image5 = ImageStim(__class__=<class 'psychopy.visual.image.ImageStim'>, anchor=('center', 'center'), autoLog=True, color=array([1, 1, 1]), colorSpace='rgb', contrast=1.0, depth=-8.0, flipHoriz=False, flipVert=False, image='images_RO_VC/Landmark5.png', interpolate=True, mask=None, maskParams=None, name='image5', opacity=1.0, ori=0.0, pos=array([0.5, 0.3]), size=array([0.2, 0.2]), texRes=128.0, units='height', win=Window(...))
19.3650 	EXP 	Created text_3 = TextStim(__class__=<class 'psychopy.visual.text.TextStim'>, alignHoriz=method-wrapper(...), alignText='center', alignVert=method-wrapper(...), anchorHoriz='center', anchorVert='center', antialias=True, autoDraw=False, autoLog=True, bold=False, color=array([1, 1, 1]), colorSpace='rgb', contrast=1.0, depth=0.0, flipHoriz=False, flipVert=False, font='Open Sans', fontFiles=[], height=0.05, italic=False, languageStyle='LTR', name='text_3', opacity=1.0, ori=0.0, pos=array([0., 0.]), rgb=UNKNOWN, text=str(...), units='height', win=Window(...), wrapWidth=1)
19.3840 	EXP 	textbox1: autoLog = True
19.3840 	EXP 	textbox2: autoLog = True
19.3840 	EXP 	textbox3: autoLog = True
19.3840 	EXP 	textbox4: autoLog = True
19.3840 	EXP 	textbox5: autoLog = True
19.3840 	EXP 	text: autoDraw = True
21.3864 	EXP 	text: autoDraw = False
21.3864 	EXP 	text_2: autoDraw = True
22.1795 	DATA 	Keypress: space
22.2459 	EXP 	text_2: autoDraw = False
22.2459 	EXP 	image1: autoDraw = True
22.2459 	EXP 	textbox1: autoDraw = True
22.2459 	EXP 	image2: autoDraw = True
22.2459 	EXP 	textbox2: autoDraw = True
22.2459 	EXP 	image3: autoDraw = True
22.2459 	EXP 	textbox3: autoDraw = True
22.2459 	EXP 	image4: autoDraw = True
22.2459 	EXP 	textbox4: autoDraw = True
22.2459 	EXP 	image5: autoDraw = True
22.2459 	EXP 	textbox5: autoDraw = True
23.7116 	DATA 	Keypress: 3
24.4481 	DATA 	Keypress: tab
25.0180 	DATA 	Keypress: 4
26.2983 	DATA 	Keypress: tab
26.8107 	DATA 	Keypress: 1
27.3107 	DATA 	Keypress: tab
27.8428 	DATA 	Keypress: 1
28.8912 	DATA 	Keypress: tab
29.5993 	DATA 	Keypress: 4
33.7815 	DATA 	Keypress: lshift
34.9839 	DATA 	Keypress: tab
35.8260 	DATA 	Keypress: tab
36.5446 	DATA 	Keypress: tab
37.2827 	DATA 	Keypress: tab
37.6022 	DATA 	Keypress: tab
38.4160 	DATA 	Keypress: tab
39.0030 	DATA 	Keypress: tab
39.3565 	DATA 	Keypress: tab
39.6267 	DATA 	Keypress: tab
39.8435 	DATA 	Keypress: tab
40.3040 	DATA 	Keypress: tab
41.2061 	DATA 	Keypress: tab
42.0526 	DATA 	Keypress: tab
43.2511 	DATA 	Keypress: tab
362.7995 	DATA 	Keypress: escape
364.0080 	EXP 	window1: mouseVisible = True
