3.9206 	WARNING 	We strongly recommend you activate the PTB sound engine in PsychoPy prefs as the preferred audio engine. Its timing is vastly superior. Your prefs are currently set to use ['sounddevice', 'PTB', 'pyo', 'pygame'] (in that order).
8.8455 	WARNING 	User requested fullscreen with size [1024  768], but screen is actually [1680, 1050]. Using actual size
11.2046 	WARNING 	Couldn't measure a consistent frame rate!
  - Is your graphics card set to sync to vertical blank?
  - Are you running other processes on your computer?

11.2069 	EXP 	Created window1 = Window(allowGUI=True, allowStencil=False, autoLog=True, backendConf=UNKNOWN, bitsMode=UNKNOWN, blendMode='avg', bpc=(8, 8, 8), color=array([0, 0, 0]), colorSpace='rgb', depthBits=8, fullscr=<method-wrapper '__getattribute__' of attributeSetter object at 0x7fcbbd3e8e20>, gamma=None, gammaErrorPolicy='raise', lms=UNKNOWN, monitor=<psychopy.monitors.calibTools.Monitor object at 0x7fcb89e6bbe0>, multiSample=False, name='window1', numSamples=2, pos=[420.0, 262.5], screen=0, size=array([3360, 2100]), stencilBits=0, stereo=False, units='height', useFBO=True, useRetina=True, viewOri=0.0, viewPos=None, viewScale=None, waitBlanking=True, winType='pyglet')
11.2072 	EXP 	window1: mouseVisible = True
11.2095 	EXP 	window1: mouseVisible = False
11.2096 	EXP 	window1: Attempting to measure frame rate of screen (0) ...
11.2097 	EXP 	window1: recordFrameIntervals = False
11.3729 	EXP 	window1: recordFrameIntervals = True
11.4470 	WARNING 	t of last frame was 20.05ms (=1/49)
11.7953 	WARNING 	t of last frame was 24.82ms (=1/40)
11.8483 	WARNING 	t of last frame was 21.16ms (=1/47)
11.9954 	WARNING 	t of last frame was 22.70ms (=1/44)
12.0306 	WARNING 	Multiple dropped frames have occurred - I'll stop bothering you about them!
13.0102 	WARNING 	Couldn't measure a consistent frame rate!
  - Is your graphics card set to sync to vertical blank?
  - Are you running other processes on your computer?

15.7877 	EXP 	Created text = TextStim(__class__=<class 'psychopy.visual.text.TextStim'>, alignHoriz=method-wrapper(...), alignText='center', alignVert=method-wrapper(...), anchorHoriz='center', anchorVert='center', antialias=True, autoDraw=False, autoLog=True, bold=False, color=array([1, 1, 1]), colorSpace='rgb', contrast=1.0, depth=0.0, flipHoriz=False, flipVert=False, font='Open Sans', fontFiles=[], height=0.05, italic=False, languageStyle='LTR', name='text', opacity=1.0, ori=0.0, pos=array([0., 0.]), rgb=UNKNOWN, text=str(...), units='height', win=Window(...), wrapWidth=1)
15.8145 	EXP 	Created text_2 = TextStim(__class__=<class 'psychopy.visual.text.TextStim'>, alignHoriz=method-wrapper(...), alignText='center', alignVert=method-wrapper(...), anchorHoriz='center', anchorVert='center', antialias=True, autoDraw=False, autoLog=True, bold=False, color=array([1, 1, 1]), colorSpace='rgb', contrast=1.0, depth=0.0, flipHoriz=False, flipVert=False, font='Open Sans', fontFiles=[], height=0.05, italic=False, languageStyle='LTR', name='text_2', opacity=1.0, ori=0.0, pos=array([0., 0.]), rgb=UNKNOWN, text=str(...), units='height', win=Window(...), wrapWidth=1)
15.8763 	EXP 	Created image1 = ImageStim(__class__=<class 'psychopy.visual.image.ImageStim'>, anchor=('center', 'center'), autoLog=True, color=array([1, 1, 1]), colorSpace='rgb', contrast=1.0, depth=0.0, flipHoriz=False, flipVert=False, image='images_RO_VC/Landmark1.png', interpolate=True, mask=None, maskParams=None, name='image1', opacity=1.0, ori=0.0, pos=array([-0.5,  0.3]), size=array([0.2, 0.2]), texRes=128.0, units='height', win=Window(...))
15.9196 	EXP 	Created image2 = ImageStim(__class__=<class 'psychopy.visual.image.ImageStim'>, anchor=('center', 'center'), autoLog=True, color=array([1, 1, 1]), colorSpace='rgb', contrast=1.0, depth=-2.0, flipHoriz=False, flipVert=False, image='images_RO_VC/Landmark2.png', interpolate=True, mask=None, maskParams=None, name='image2', opacity=1.0, ori=0.0, pos=array([-0.25,  0.3 ]), size=array([0.2, 0.2]), texRes=128.0, units='height', win=Window(...))
15.9573 	EXP 	Created image3 = ImageStim(__class__=<class 'psychopy.visual.image.ImageStim'>, anchor=('center', 'center'), autoLog=True, color=array([1, 1, 1]), colorSpace='rgb', contrast=1.0, depth=-4.0, flipHoriz=False, flipVert=False, image='images_RO_VC/Landmark3.png', interpolate=True, mask=None, maskParams=None, name='image3', opacity=1.0, ori=0.0, pos=array([0. , 0.3]), size=array([0.2, 0.2]), texRes=128.0, units='height', win=Window(...))
15.9955 	EXP 	Created image4 = ImageStim(__class__=<class 'psychopy.visual.image.ImageStim'>, anchor=('center', 'center'), autoLog=True, color=array([1, 1, 1]), colorSpace='rgb', contrast=1.0, depth=-6.0, flipHoriz=False, flipVert=False, image='images_RO_VC/Landmark4.png', interpolate=True, mask=None, maskParams=None, name='image4', opacity=1.0, ori=0.0, pos=array([0.25, 0.3 ]), size=array([0.2, 0.2]), texRes=128.0, units='height', win=Window(...))
16.0343 	EXP 	Created image5 = ImageStim(__class__=<class 'psychopy.visual.image.ImageStim'>, anchor=('center', 'center'), autoLog=True, color=array([1, 1, 1]), colorSpace='rgb', contrast=1.0, depth=-8.0, flipHoriz=False, flipVert=False, image='images_RO_VC/Landmark5.png', interpolate=True, mask=None, maskParams=None, name='image5', opacity=1.0, ori=0.0, pos=array([0.5, 0.3]), size=array([0.2, 0.2]), texRes=128.0, units='height', win=Window(...))
16.0783 	EXP 	Created image6 = ImageStim(__class__=<class 'psychopy.visual.image.ImageStim'>, anchor=('center', 'center'), autoLog=True, color=array([1, 1, 1]), colorSpace='rgb', contrast=1.0, depth=-10.0, flipHoriz=False, flipVert=False, image='images_RO_VC/Landmark6.png', interpolate=True, mask=None, maskParams=None, name='image6', opacity=1.0, ori=0.0, pos=array([-0.5,  0. ]), size=array([0.2, 0.2]), texRes=128.0, units='height', win=Window(...))
16.1153 	EXP 	Created image11 = ImageStim(__class__=<class 'psychopy.visual.image.ImageStim'>, anchor=('center', 'center'), autoLog=True, color=array([1, 1, 1]), colorSpace='rgb', contrast=1.0, depth=-12.0, flipHoriz=False, flipVert=False, image='images_RO_VC/Landmark11.png', interpolate=True, mask=None, maskParams=None, name='image11', opacity=1.0, ori=0.0, pos=array([-0.5, -0.3]), size=array([0.2, 0.2]), texRes=128.0, units='height', win=Window(...))
16.1300 	EXP 	Created text_3 = TextStim(__class__=<class 'psychopy.visual.text.TextStim'>, alignHoriz=method-wrapper(...), alignText='center', alignVert=method-wrapper(...), anchorHoriz='center', anchorVert='center', antialias=True, autoDraw=False, autoLog=True, bold=False, color=array([1, 1, 1]), colorSpace='rgb', contrast=1.0, depth=0.0, flipHoriz=False, flipVert=False, font='Open Sans', fontFiles=[], height=0.05, italic=False, languageStyle='LTR', name='text_3', opacity=1.0, ori=0.0, pos=array([0., 0.]), rgb=UNKNOWN, text=str(...), units='height', win=Window(...), wrapWidth=1)
16.1495 	EXP 	textbox1: autoLog = True
16.1495 	EXP 	textbox2: autoLog = True
16.1495 	EXP 	textbox3: autoLog = True
16.1495 	EXP 	textbox4: autoLog = True
16.1495 	EXP 	textbox5: autoLog = True
16.1495 	EXP 	textbox6: autoLog = True
16.1495 	EXP 	textbox11: autoLog = True
16.1495 	EXP 	text: autoDraw = True
16.6491 	EXP 	text: autoDraw = False
16.6491 	EXP 	text_2: autoDraw = True
19.0888 	DATA 	Keypress: space
19.1140 	EXP 	text_2: autoDraw = False
19.1140 	EXP 	image1: autoDraw = True
19.1140 	EXP 	textbox1: autoDraw = True
19.1140 	EXP 	image2: autoDraw = True
19.1140 	EXP 	textbox2: autoDraw = True
19.1140 	EXP 	image3: autoDraw = True
19.1140 	EXP 	textbox3: autoDraw = True
19.1140 	EXP 	image4: autoDraw = True
19.1140 	EXP 	textbox4: autoDraw = True
19.1140 	EXP 	image5: autoDraw = True
19.1140 	EXP 	textbox5: autoDraw = True
19.1140 	EXP 	image6: autoDraw = True
19.1140 	EXP 	textbox6: autoDraw = True
19.1140 	EXP 	image11: autoDraw = True
19.1140 	EXP 	textbox11: autoDraw = True
22.8192 	DATA 	Keypress: escape
23.8805 	EXP 	window1: mouseVisible = True
