5.1306 	WARNING 	We strongly recommend you activate the PTB sound engine in PsychoPy prefs as the preferred audio engine. Its timing is vastly superior. Your prefs are currently set to use ['sounddevice', 'PTB', 'pyo', 'pygame'] (in that order).
10.6986 	WARNING 	User requested fullscreen with size [1024  768], but screen is actually [1680, 1050]. Using actual size
13.0606 	WARNING 	Couldn't measure a consistent frame rate!
  - Is your graphics card set to sync to vertical blank?
  - Are you running other processes on your computer?

13.0610 	EXP 	Created window1 = Window(allowGUI=True, allowStencil=False, autoLog=True, backendConf=UNKNOWN, bitsMode=UNKNOWN, blendMode='avg', bpc=(8, 8, 8), color=array([0, 0, 0]), colorSpace='rgb', depthBits=8, fullscr=<method-wrapper '__getattribute__' of attributeSetter object at 0x7fa050733c70>, gamma=None, gammaErrorPolicy='raise', lms=UNKNOWN, monitor=<psychopy.monitors.calibTools.Monitor object at 0x7fa01d5dde20>, multiSample=False, name='window1', numSamples=2, pos=[420.0, 262.5], screen=0, size=array([3360, 2100]), stencilBits=0, stereo=False, units='height', useFBO=True, useRetina=True, viewOri=0.0, viewPos=None, viewScale=None, waitBlanking=True, winType='pyglet')
13.0615 	EXP 	window1: mouseVisible = True
13.0638 	EXP 	window1: mouseVisible = False
13.0638 	EXP 	window1: Attempting to measure frame rate of screen (0) ...
13.0639 	EXP 	window1: recordFrameIntervals = False
13.2118 	EXP 	window1: recordFrameIntervals = True
13.3144 	WARNING 	t of last frame was 25.29ms (=1/39)
13.4644 	WARNING 	t of last frame was 22.73ms (=1/43)
13.5316 	WARNING 	t of last frame was 20.11ms (=1/49)
13.6314 	WARNING 	t of last frame was 25.47ms (=1/39)
13.8145 	WARNING 	Multiple dropped frames have occurred - I'll stop bothering you about them!
14.8417 	WARNING 	Couldn't measure a consistent frame rate!
  - Is your graphics card set to sync to vertical blank?
  - Are you running other processes on your computer?

18.0775 	EXP 	Created text = TextStim(__class__=<class 'psychopy.visual.text.TextStim'>, alignHoriz=method-wrapper(...), alignText='center', alignVert=method-wrapper(...), anchorHoriz='center', anchorVert='center', antialias=True, autoDraw=False, autoLog=True, bold=False, color=array([1, 1, 1]), colorSpace='rgb', contrast=1.0, depth=0.0, flipHoriz=False, flipVert=False, font='Open Sans', fontFiles=[], height=0.05, italic=False, languageStyle='LTR', name='text', opacity=1.0, ori=0.0, pos=array([0., 0.]), rgb=UNKNOWN, text=str(...), units='height', win=Window(...), wrapWidth=1)
18.1002 	EXP 	Created text_2 = TextStim(__class__=<class 'psychopy.visual.text.TextStim'>, alignHoriz=method-wrapper(...), alignText='center', alignVert=method-wrapper(...), anchorHoriz='center', anchorVert='center', antialias=True, autoDraw=False, autoLog=True, bold=False, color=array([1, 1, 1]), colorSpace='rgb', contrast=1.0, depth=0.0, flipHoriz=False, flipVert=False, font='Open Sans', fontFiles=[], height=0.05, italic=False, languageStyle='LTR', name='text_2', opacity=1.0, ori=0.0, pos=array([0., 0.]), rgb=UNKNOWN, text=str(...), units='height', win=Window(...), wrapWidth=1)
18.1427 	EXP 	Created image1 = ImageStim(__class__=<class 'psychopy.visual.image.ImageStim'>, anchor=('center', 'center'), autoLog=True, color=array([1, 1, 1]), colorSpace='rgb', contrast=1.0, depth=0.0, flipHoriz=False, flipVert=False, image='images_RO_VC/Landmark1.png', interpolate=True, mask=None, maskParams=None, name='image1', opacity=1.0, ori=0.0, pos=array([-0.5,  0.3]), size=array([0.2, 0.2]), texRes=128.0, units='height', win=Window(...))
18.1821 	EXP 	Created image2 = ImageStim(__class__=<class 'psychopy.visual.image.ImageStim'>, anchor=('center', 'center'), autoLog=True, color=array([1, 1, 1]), colorSpace='rgb', contrast=1.0, depth=-2.0, flipHoriz=False, flipVert=False, image='images_RO_VC/Landmark2.png', interpolate=True, mask=None, maskParams=None, name='image2', opacity=1.0, ori=0.0, pos=array([-0.25,  0.3 ]), size=array([0.2, 0.2]), texRes=128.0, units='height', win=Window(...))
18.2172 	EXP 	Created image3 = ImageStim(__class__=<class 'psychopy.visual.image.ImageStim'>, anchor=('center', 'center'), autoLog=True, color=array([1, 1, 1]), colorSpace='rgb', contrast=1.0, depth=-4.0, flipHoriz=False, flipVert=False, image='images_RO_VC/Landmark3.png', interpolate=True, mask=None, maskParams=None, name='image3', opacity=1.0, ori=0.0, pos=array([0. , 0.3]), size=array([0.2, 0.2]), texRes=128.0, units='height', win=Window(...))
18.2536 	EXP 	Created image4 = ImageStim(__class__=<class 'psychopy.visual.image.ImageStim'>, anchor=('center', 'center'), autoLog=True, color=array([1, 1, 1]), colorSpace='rgb', contrast=1.0, depth=-6.0, flipHoriz=False, flipVert=False, image='images_RO_VC/Landmark4.png', interpolate=True, mask=None, maskParams=None, name='image4', opacity=1.0, ori=0.0, pos=array([0.25, 0.3 ]), size=array([0.2, 0.2]), texRes=128.0, units='height', win=Window(...))
18.2888 	EXP 	Created image5 = ImageStim(__class__=<class 'psychopy.visual.image.ImageStim'>, anchor=('center', 'center'), autoLog=True, color=array([1, 1, 1]), colorSpace='rgb', contrast=1.0, depth=-8.0, flipHoriz=False, flipVert=False, image='images_RO_VC/Landmark5.png', interpolate=True, mask=None, maskParams=None, name='image5', opacity=1.0, ori=0.0, pos=array([0.5, 0.3]), size=array([0.2, 0.2]), texRes=128.0, units='height', win=Window(...))
18.3237 	EXP 	Created image6 = ImageStim(__class__=<class 'psychopy.visual.image.ImageStim'>, anchor=('center', 'center'), autoLog=True, color=array([1, 1, 1]), colorSpace='rgb', contrast=1.0, depth=-10.0, flipHoriz=False, flipVert=False, image='images_RO_VC/Landmark6.png', interpolate=True, mask=None, maskParams=None, name='image6', opacity=1.0, ori=0.0, pos=array([-0.5,  0. ]), size=array([0.2, 0.2]), texRes=128.0, units='height', win=Window(...))
18.3578 	EXP 	Created image11 = ImageStim(__class__=<class 'psychopy.visual.image.ImageStim'>, anchor=('center', 'center'), autoLog=True, color=array([1, 1, 1]), colorSpace='rgb', contrast=1.0, depth=-12.0, flipHoriz=False, flipVert=False, image='images_RO_VC/Landmark11.png', interpolate=True, mask=None, maskParams=None, name='image11', opacity=1.0, ori=0.0, pos=array([-0.5, -0.3]), size=array([0.2, 0.2]), texRes=128.0, units='height', win=Window(...))
18.3733 	EXP 	Created text_3 = TextStim(__class__=<class 'psychopy.visual.text.TextStim'>, alignHoriz=method-wrapper(...), alignText='center', alignVert=method-wrapper(...), anchorHoriz='center', anchorVert='center', antialias=True, autoDraw=False, autoLog=True, bold=False, color=array([1, 1, 1]), colorSpace='rgb', contrast=1.0, depth=0.0, flipHoriz=False, flipVert=False, font='Open Sans', fontFiles=[], height=0.05, italic=False, languageStyle='LTR', name='text_3', opacity=1.0, ori=0.0, pos=array([0., 0.]), rgb=UNKNOWN, text=str(...), units='height', win=Window(...), wrapWidth=1)
18.3919 	EXP 	textbox1: autoLog = True
18.3919 	EXP 	textbox2: autoLog = True
18.3919 	EXP 	textbox3: autoLog = True
18.3919 	EXP 	textbox4: autoLog = True
18.3919 	EXP 	textbox5: autoLog = True
18.3919 	EXP 	textbox6: autoLog = True
18.3919 	EXP 	textbox11: autoLog = True
18.3919 	EXP 	text: autoDraw = True
18.8931 	EXP 	text: autoDraw = False
18.8931 	EXP 	text_2: autoDraw = True
19.6167 	DATA 	Keypress: space
19.6427 	EXP 	text_2: autoDraw = False
19.6427 	EXP 	image1: autoDraw = True
19.6427 	EXP 	textbox1: autoDraw = True
19.6427 	EXP 	image2: autoDraw = True
19.6427 	EXP 	textbox2: autoDraw = True
19.6427 	EXP 	image3: autoDraw = True
19.6427 	EXP 	textbox3: autoDraw = True
19.6427 	EXP 	image4: autoDraw = True
19.6427 	EXP 	textbox4: autoDraw = True
19.6427 	EXP 	image5: autoDraw = True
19.6427 	EXP 	textbox5: autoDraw = True
19.6427 	EXP 	image6: autoDraw = True
19.6427 	EXP 	textbox6: autoDraw = True
19.6427 	EXP 	image11: autoDraw = True
19.6427 	EXP 	textbox11: autoDraw = True
22.5743 	DATA 	Keypress: tab
22.9351 	DATA 	Keypress: tab
23.3528 	DATA 	Keypress: tab
23.7733 	DATA 	Keypress: tab
24.4573 	DATA 	Keypress: tab
25.4614 	DATA 	Keypress: tab
27.1881 	DATA 	Keypress: tab
28.1847 	DATA 	Keypress: tab
28.7225 	DATA 	Keypress: tab
29.1709 	DATA 	Keypress: tab
29.6483 	DATA 	Keypress: tab
29.9232 	DATA 	Keypress: tab
31.5114 	DATA 	Keypress: tab
34.9826 	DATA 	Keypress: 3
35.1428 	DATA 	Keypress: 3
35.3206 	DATA 	Keypress: 3
35.4792 	DATA 	Keypress: 4
35.6838 	DATA 	Keypress: 4
35.8627 	DATA 	Keypress: 4
36.0700 	DATA 	Keypress: 3
36.2505 	DATA 	Keypress: 3
36.6123 	DATA 	Keypress: 3
36.8204 	DATA 	Keypress: 3
37.0063 	DATA 	Keypress: 2
37.1888 	DATA 	Keypress: 2
37.4245 	DATA 	Keypress: 2
43.4090 	DATA 	Keypress: escape
44.3071 	EXP 	window1: mouseVisible = True
