4.3768 	WARNING 	We strongly recommend you activate the PTB sound engine in PsychoPy prefs as the preferred audio engine. Its timing is vastly superior. Your prefs are currently set to use ['sounddevice', 'PTB', 'pyo', 'pygame'] (in that order).
9.3227 	WARNING 	User requested fullscreen with size [1024  768], but screen is actually [1680, 1050]. Using actual size
11.7220 	WARNING 	Couldn't measure a consistent frame rate!
  - Is your graphics card set to sync to vertical blank?
  - Are you running other processes on your computer?

11.7224 	EXP 	Created window1 = Window(allowGUI=True, allowStencil=False, autoLog=True, backendConf=UNKNOWN, bitsMode=UNKNOWN, blendMode='avg', bpc=(8, 8, 8), color=array([0, 0, 0]), colorSpace='rgb', depthBits=8, fullscr=<method-wrapper '__getattribute__' of attributeSetter object at 0x7fe7d593bc40>, gamma=None, gammaErrorPolicy='raise', lms=UNKNOWN, monitor=<psychopy.monitors.calibTools.Monitor object at 0x7fe7a8207b80>, multiSample=False, name='window1', numSamples=2, pos=[420.0, 262.5], screen=0, size=array([3360, 2100]), stencilBits=0, stereo=False, units='height', useFBO=True, useRetina=True, viewOri=0.0, viewPos=None, viewScale=None, waitBlanking=True, winType='pyglet')
11.7227 	EXP 	window1: mouseVisible = True
11.7254 	EXP 	window1: mouseVisible = False
11.7255 	EXP 	window1: Attempting to measure frame rate of screen (0) ...
11.7255 	EXP 	window1: recordFrameIntervals = False
11.8953 	EXP 	window1: recordFrameIntervals = True
12.1597 	WARNING 	t of last frame was 24.99ms (=1/40)
12.2760 	WARNING 	t of last frame was 24.78ms (=1/40)
12.5105 	WARNING 	t of last frame was 20.01ms (=1/49)
12.5930 	WARNING 	t of last frame was 25.12ms (=1/39)
12.6443 	WARNING 	Multiple dropped frames have occurred - I'll stop bothering you about them!
13.4752 	WARNING 	Couldn't measure a consistent frame rate!
  - Is your graphics card set to sync to vertical blank?
  - Are you running other processes on your computer?

16.5134 	EXP 	Created text = TextStim(__class__=<class 'psychopy.visual.text.TextStim'>, alignHoriz=method-wrapper(...), alignText='center', alignVert=method-wrapper(...), anchorHoriz='center', anchorVert='center', antialias=True, autoDraw=False, autoLog=True, bold=False, color=array([1, 1, 1]), colorSpace='rgb', contrast=1.0, depth=0.0, flipHoriz=False, flipVert=False, font='Open Sans', fontFiles=[], height=0.05, italic=False, languageStyle='LTR', name='text', opacity=1.0, ori=0.0, pos=array([0., 0.]), rgb=UNKNOWN, text=str(...), units='height', win=Window(...), wrapWidth=1)
16.5355 	EXP 	Created text_2 = TextStim(__class__=<class 'psychopy.visual.text.TextStim'>, alignHoriz=method-wrapper(...), alignText='center', alignVert=method-wrapper(...), anchorHoriz='center', anchorVert='center', antialias=True, autoDraw=False, autoLog=True, bold=False, color=array([1, 1, 1]), colorSpace='rgb', contrast=1.0, depth=0.0, flipHoriz=False, flipVert=False, font='Open Sans', fontFiles=[], height=0.05, italic=False, languageStyle='LTR', name='text_2', opacity=1.0, ori=0.0, pos=array([0., 0.]), rgb=UNKNOWN, text=str(...), units='height', win=Window(...), wrapWidth=1)
16.5415 	EXP 	Created exit_Text = TextStim(__class__=<class 'psychopy.visual.text.TextStim'>, alignHoriz=method-wrapper(...), alignText='center', alignVert=method-wrapper(...), anchorHoriz='center', anchorVert='center', antialias=True, autoDraw=False, autoLog=True, bold=False, color=array([1, 1, 1]), colorSpace='rgb', contrast=1.0, depth=0.0, flipHoriz=False, flipVert=False, font='Open Sans', fontFiles=[], height=0.05, italic=False, languageStyle='LTR', name='exit_Text', opacity=1.0, ori=0.0, pos=array([0.  , 0.45]), rgb=UNKNOWN, text=str(...), units='height', win=Window(...), wrapWidth=1)
16.5848 	EXP 	Created image1 = ImageStim(__class__=<class 'psychopy.visual.image.ImageStim'>, anchor=('center', 'center'), autoLog=True, color=array([1, 1, 1]), colorSpace='rgb', contrast=1.0, depth=-2.0, flipHoriz=False, flipVert=False, image='images_RO_VC/Landmark1.png', interpolate=True, mask=None, maskParams=None, name='image1', opacity=1.0, ori=0.0, pos=array([-0.5,  0.3]), size=array([0.2, 0.2]), texRes=128.0, units='height', win=Window(...))
16.6240 	EXP 	Created image2 = ImageStim(__class__=<class 'psychopy.visual.image.ImageStim'>, anchor=('center', 'center'), autoLog=True, color=array([1, 1, 1]), colorSpace='rgb', contrast=1.0, depth=-4.0, flipHoriz=False, flipVert=False, image='images_RO_VC/Landmark2.png', interpolate=True, mask=None, maskParams=None, name='image2', opacity=1.0, ori=0.0, pos=array([-0.25,  0.3 ]), size=array([0.2, 0.2]), texRes=128.0, units='height', win=Window(...))
16.6587 	EXP 	Created image3 = ImageStim(__class__=<class 'psychopy.visual.image.ImageStim'>, anchor=('center', 'center'), autoLog=True, color=array([1, 1, 1]), colorSpace='rgb', contrast=1.0, depth=-6.0, flipHoriz=False, flipVert=False, image='images_RO_VC/Landmark3.png', interpolate=True, mask=None, maskParams=None, name='image3', opacity=1.0, ori=0.0, pos=array([0. , 0.3]), size=array([0.2, 0.2]), texRes=128.0, units='height', win=Window(...))
16.6936 	EXP 	Created image4 = ImageStim(__class__=<class 'psychopy.visual.image.ImageStim'>, anchor=('center', 'center'), autoLog=True, color=array([1, 1, 1]), colorSpace='rgb', contrast=1.0, depth=-8.0, flipHoriz=False, flipVert=False, image='images_RO_VC/Landmark4.png', interpolate=True, mask=None, maskParams=None, name='image4', opacity=1.0, ori=0.0, pos=array([0.25, 0.3 ]), size=array([0.2, 0.2]), texRes=128.0, units='height', win=Window(...))
16.7306 	EXP 	Created image5 = ImageStim(__class__=<class 'psychopy.visual.image.ImageStim'>, anchor=('center', 'center'), autoLog=True, color=array([1, 1, 1]), colorSpace='rgb', contrast=1.0, depth=-10.0, flipHoriz=False, flipVert=False, image='images_RO_VC/Landmark5.png', interpolate=True, mask=None, maskParams=None, name='image5', opacity=1.0, ori=0.0, pos=array([0.5, 0.3]), size=array([0.2, 0.2]), texRes=128.0, units='height', win=Window(...))
16.7675 	EXP 	Created image6 = ImageStim(__class__=<class 'psychopy.visual.image.ImageStim'>, anchor=('center', 'center'), autoLog=True, color=array([1, 1, 1]), colorSpace='rgb', contrast=1.0, depth=-12.0, flipHoriz=False, flipVert=False, image='images_RO_VC/Landmark6.png', interpolate=True, mask=None, maskParams=None, name='image6', opacity=1.0, ori=0.0, pos=array([-0.5,  0. ]), size=array([0.2, 0.2]), texRes=128.0, units='height', win=Window(...))
16.8030 	EXP 	Created image7 = ImageStim(__class__=<class 'psychopy.visual.image.ImageStim'>, anchor=('center', 'center'), autoLog=True, color=array([1, 1, 1]), colorSpace='rgb', contrast=1.0, depth=-14.0, flipHoriz=False, flipVert=False, image='images_RO_VC/Landmark7.png', interpolate=True, mask=None, maskParams=None, name='image7', opacity=1.0, ori=0.0, pos=array([-0.25,  0.  ]), size=array([0.2, 0.2]), texRes=128.0, units='height', win=Window(...))
16.8380 	EXP 	Created image8 = ImageStim(__class__=<class 'psychopy.visual.image.ImageStim'>, anchor=('center', 'center'), autoLog=True, color=array([1, 1, 1]), colorSpace='rgb', contrast=1.0, depth=-16.0, flipHoriz=False, flipVert=False, image='images_RO_VC/Landmark8.png', interpolate=True, mask=None, maskParams=None, name='image8', opacity=1.0, ori=0.0, pos=array([0., 0.]), size=array([0.2, 0.2]), texRes=128.0, units='height', win=Window(...))
16.8745 	EXP 	Created image9 = ImageStim(__class__=<class 'psychopy.visual.image.ImageStim'>, anchor=('center', 'center'), autoLog=True, color=array([1, 1, 1]), colorSpace='rgb', contrast=1.0, depth=-18.0, flipHoriz=False, flipVert=False, image='images_RO_VC/Landmark9.png', interpolate=True, mask=None, maskParams=None, name='image9', opacity=1.0, ori=0.0, pos=array([0.25, 0.  ]), size=array([0.2, 0.2]), texRes=128.0, units='height', win=Window(...))
16.9098 	EXP 	Created image10 = ImageStim(__class__=<class 'psychopy.visual.image.ImageStim'>, anchor=('center', 'center'), autoLog=True, color=array([1, 1, 1]), colorSpace='rgb', contrast=1.0, depth=-20.0, flipHoriz=False, flipVert=False, image='images_RO_VC/Landmark10.png', interpolate=True, mask=None, maskParams=None, name='image10', opacity=1.0, ori=0.0, pos=array([0.5, 0. ]), size=array([0.2, 0.2]), texRes=128.0, units='height', win=Window(...))
16.9437 	EXP 	Created image11 = ImageStim(__class__=<class 'psychopy.visual.image.ImageStim'>, anchor=('center', 'center'), autoLog=True, color=array([1, 1, 1]), colorSpace='rgb', contrast=1.0, depth=-22.0, flipHoriz=False, flipVert=False, image='images_RO_VC/Landmark11.png', interpolate=True, mask=None, maskParams=None, name='image11', opacity=1.0, ori=0.0, pos=array([-0.5, -0.3]), size=array([0.2, 0.2]), texRes=128.0, units='height', win=Window(...))
16.9795 	EXP 	Created image12 = ImageStim(__class__=<class 'psychopy.visual.image.ImageStim'>, anchor=('center', 'center'), autoLog=True, color=array([1, 1, 1]), colorSpace='rgb', contrast=1.0, depth=-24.0, flipHoriz=False, flipVert=False, image='images_RO_VC/Landmark12.png', interpolate=True, mask=None, maskParams=None, name='image12', opacity=1.0, ori=0.0, pos=array([-0.25, -0.3 ]), size=array([0.2, 0.2]), texRes=128.0, units='height', win=Window(...))
17.0159 	EXP 	Created image13 = ImageStim(__class__=<class 'psychopy.visual.image.ImageStim'>, anchor=('center', 'center'), autoLog=True, color=array([1, 1, 1]), colorSpace='rgb', contrast=1.0, depth=-26.0, flipHoriz=False, flipVert=False, image='images_RO_VC/Landmark13.png', interpolate=True, mask=None, maskParams=None, name='image13', opacity=1.0, ori=0.0, pos=array([ 0. , -0.3]), size=array([0.2, 0.2]), texRes=128.0, units='height', win=Window(...))
17.0510 	EXP 	Created image14 = ImageStim(__class__=<class 'psychopy.visual.image.ImageStim'>, anchor=('center', 'center'), autoLog=True, color=array([1, 1, 1]), colorSpace='rgb', contrast=1.0, depth=-28.0, flipHoriz=False, flipVert=False, image='images_RO_VC/Landmark14.png', interpolate=True, mask=None, maskParams=None, name='image14', opacity=1.0, ori=0.0, pos=array([ 0.25, -0.3 ]), size=array([0.2, 0.2]), texRes=128.0, units='height', win=Window(...))
17.0650 	EXP 	Created text_3 = TextStim(__class__=<class 'psychopy.visual.text.TextStim'>, alignHoriz=method-wrapper(...), alignText='center', alignVert=method-wrapper(...), anchorHoriz='center', anchorVert='center', antialias=True, autoDraw=False, autoLog=True, bold=False, color=array([1, 1, 1]), colorSpace='rgb', contrast=1.0, depth=0.0, flipHoriz=False, flipVert=False, font='Open Sans', fontFiles=[], height=0.05, italic=False, languageStyle='LTR', name='text_3', opacity=1.0, ori=0.0, pos=array([0., 0.]), rgb=UNKNOWN, text=str(...), units='height', win=Window(...), wrapWidth=1)
17.0857 	EXP 	textbox1: autoLog = True
17.0857 	EXP 	textbox2: autoLog = True
17.0857 	EXP 	textbox3: autoLog = True
17.0857 	EXP 	textbox4: autoLog = True
17.0857 	EXP 	textbox5: autoLog = True
17.0857 	EXP 	textbox6: autoLog = True
17.0857 	EXP 	textbox7: autoLog = True
17.0857 	EXP 	textbox8: autoLog = True
17.0857 	EXP 	textbox9: autoLog = True
17.0857 	EXP 	textbox10: autoLog = True
17.0857 	EXP 	textbox11: autoLog = True
17.0857 	EXP 	textbox12: autoLog = True
17.0857 	EXP 	textbox13: autoLog = True
17.0857 	EXP 	textbox14: autoLog = True
17.0857 	EXP 	text: autoDraw = True
17.5876 	EXP 	text: autoDraw = False
17.5876 	EXP 	text_2: autoDraw = True
18.4857 	DATA 	Keypress: space
18.5213 	EXP 	text_2: autoDraw = False
18.5213 	EXP 	exit_Text: autoDraw = True
18.5213 	EXP 	image1: autoDraw = True
18.5213 	EXP 	textbox1: autoDraw = True
18.5213 	EXP 	image2: autoDraw = True
18.5213 	EXP 	textbox2: autoDraw = True
18.5213 	EXP 	image3: autoDraw = True
18.5213 	EXP 	textbox3: autoDraw = True
18.5213 	EXP 	image4: autoDraw = True
18.5213 	EXP 	textbox4: autoDraw = True
18.5213 	EXP 	image5: autoDraw = True
18.5213 	EXP 	textbox5: autoDraw = True
18.5213 	EXP 	image6: autoDraw = True
18.5213 	EXP 	textbox6: autoDraw = True
18.5213 	EXP 	image7: autoDraw = True
18.5213 	EXP 	textbox7: autoDraw = True
18.5213 	EXP 	image8: autoDraw = True
18.5213 	EXP 	textbox8: autoDraw = True
18.5213 	EXP 	image9: autoDraw = True
18.5213 	EXP 	textbox9: autoDraw = True
18.5213 	EXP 	image10: autoDraw = True
18.5213 	EXP 	textbox10: autoDraw = True
18.5213 	EXP 	image11: autoDraw = True
18.5213 	EXP 	textbox11: autoDraw = True
18.5213 	EXP 	image12: autoDraw = True
18.5213 	EXP 	textbox12: autoDraw = True
18.5213 	EXP 	image13: autoDraw = True
18.5213 	EXP 	textbox13: autoDraw = True
18.5213 	EXP 	image14: autoDraw = True
18.5213 	EXP 	textbox14: autoDraw = True
20.9616 	DATA 	Keypress: 1
22.3518 	DATA 	Keypress: tab
22.6684 	DATA 	Keypress: 2
23.0353 	DATA 	Keypress: tab
23.4345 	DATA 	Keypress: 2
23.7950 	DATA 	Keypress: tab
24.8768 	DATA 	Keypress: 3
25.1855 	DATA 	Keypress: tab
25.4988 	DATA 	Keypress: 3
26.7873 	DATA 	Keypress: tab
27.3611 	DATA 	Keypress: 4
27.7616 	DATA 	Keypress: tab
28.5069 	DATA 	Keypress: 5
28.9038 	DATA 	Keypress: tab
29.6967 	DATA 	Keypress: 6
30.2196 	DATA 	Keypress: tab
30.7135 	DATA 	Keypress: 7
31.6345 	DATA 	Keypress: tab
32.2506 	DATA 	Keypress: 8
33.0329 	DATA 	Keypress: tab
33.5613 	DATA 	Keypress: 1
34.5608 	DATA 	Keypress: tab
35.3183 	DATA 	Keypress: 1
36.1258 	DATA 	Keypress: 0
36.6925 	DATA 	Keypress: tab
37.4274 	DATA 	Keypress: 1
37.7454 	DATA 	Keypress: 3
38.1829 	DATA 	Keypress: tab
38.8865 	DATA 	Keypress: 1
39.2471 	DATA 	Keypress: 4
44.0167 	DATA 	Keypress: return
44.0297 	EXP 	exit_Text: autoDraw = False
44.0297 	EXP 	image1: autoDraw = False
44.0297 	EXP 	textbox1: autoDraw = False
44.0297 	EXP 	image2: autoDraw = False
44.0297 	EXP 	textbox2: autoDraw = False
44.0297 	EXP 	image3: autoDraw = False
44.0297 	EXP 	textbox3: autoDraw = False
44.0297 	EXP 	image4: autoDraw = False
44.0297 	EXP 	textbox4: autoDraw = False
44.0297 	EXP 	image5: autoDraw = False
44.0297 	EXP 	textbox5: autoDraw = False
44.0297 	EXP 	image6: autoDraw = False
44.0297 	EXP 	textbox6: autoDraw = False
44.0297 	EXP 	image7: autoDraw = False
44.0297 	EXP 	textbox7: autoDraw = False
44.0297 	EXP 	image8: autoDraw = False
44.0297 	EXP 	textbox8: autoDraw = False
44.0297 	EXP 	image9: autoDraw = False
44.0297 	EXP 	textbox9: autoDraw = False
44.0297 	EXP 	image10: autoDraw = False
44.0297 	EXP 	textbox10: autoDraw = False
44.0297 	EXP 	image11: autoDraw = False
44.0297 	EXP 	textbox11: autoDraw = False
44.0297 	EXP 	image12: autoDraw = False
44.0297 	EXP 	textbox12: autoDraw = False
44.0297 	EXP 	image13: autoDraw = False
44.0297 	EXP 	textbox13: autoDraw = False
44.0297 	EXP 	image14: autoDraw = False
44.0297 	EXP 	textbox14: autoDraw = False
44.0297 	EXP 	text_3: autoDraw = True
48.0340 	EXP 	text_3: autoDraw = False
48.5854 	EXP 	window1: mouseVisible = True
